CRITICAL - 2021-01-26 13:46:07 --> Invalid file: Mantenedores/socios.php
#0 C:\xampp\htdocs\gestion_apr\system\View\View.php(228): CodeIgniter\Exceptions\FrameworkException::forInvalidFile('Mantenedores/so...')
#1 C:\xampp\htdocs\gestion_apr\system\Common.php(1119): CodeIgniter\View\View->render('Mantenedores/so...', Array, true)
#2 C:\xampp\htdocs\gestion_apr\app\Controllers\ctrl_menu.php(23): view('Mantenedores/so...')
#3 C:\xampp\htdocs\gestion_apr\system\CodeIgniter.php(918): App\Controllers\ctrl_menu->socios()
#4 C:\xampp\htdocs\gestion_apr\system\CodeIgniter.php(404): CodeIgniter\CodeIgniter->runController(Object(App\Controllers\ctrl_menu))
#5 C:\xampp\htdocs\gestion_apr\system\CodeIgniter.php(312): CodeIgniter\CodeIgniter->handleRequest(NULL, Object(Config\Cache), false)
#6 C:\xampp\htdocs\gestion_apr\public\index.php(45): CodeIgniter\CodeIgniter->run()
#7 {main}
CRITICAL - 2021-01-26 13:46:08 --> Invalid file: Mantenedores/socios.php
#0 C:\xampp\htdocs\gestion_apr\system\View\View.php(228): CodeIgniter\Exceptions\FrameworkException::forInvalidFile('Mantenedores/so...')
#1 C:\xampp\htdocs\gestion_apr\system\Common.php(1119): CodeIgniter\View\View->render('Mantenedores/so...', Array, true)
#2 C:\xampp\htdocs\gestion_apr\app\Controllers\ctrl_menu.php(23): view('Mantenedores/so...')
#3 C:\xampp\htdocs\gestion_apr\system\CodeIgniter.php(918): App\Controllers\ctrl_menu->socios()
#4 C:\xampp\htdocs\gestion_apr\system\CodeIgniter.php(404): CodeIgniter\CodeIgniter->runController(Object(App\Controllers\ctrl_menu))
#5 C:\xampp\htdocs\gestion_apr\system\CodeIgniter.php(312): CodeIgniter\CodeIgniter->handleRequest(NULL, Object(Config\Cache), false)
#6 C:\xampp\htdocs\gestion_apr\public\index.php(45): CodeIgniter\CodeIgniter->run()
#7 {main}
CRITICAL - 2021-01-26 13:48:02 --> Invalid file: Mantenedores/socios.php
#0 C:\xampp\htdocs\gestion_apr\system\View\View.php(228): CodeIgniter\Exceptions\FrameworkException::forInvalidFile('Mantenedores/so...')
#1 C:\xampp\htdocs\gestion_apr\system\Common.php(1119): CodeIgniter\View\View->render('Mantenedores/so...', Array, true)
#2 C:\xampp\htdocs\gestion_apr\app\Controllers\ctrl_menu.php(23): view('Mantenedores/so...')
#3 C:\xampp\htdocs\gestion_apr\system\CodeIgniter.php(918): App\Controllers\ctrl_menu->socios()
#4 C:\xampp\htdocs\gestion_apr\system\CodeIgniter.php(404): CodeIgniter\CodeIgniter->runController(Object(App\Controllers\ctrl_menu))
#5 C:\xampp\htdocs\gestion_apr\system\CodeIgniter.php(312): CodeIgniter\CodeIgniter->handleRequest(NULL, Object(Config\Cache), false)
#6 C:\xampp\htdocs\gestion_apr\public\index.php(45): CodeIgniter\CodeIgniter->run()
#7 {main}
CRITICAL - 2021-01-26 13:48:03 --> Invalid file: Mantenedores/socios.php
#0 C:\xampp\htdocs\gestion_apr\system\View\View.php(228): CodeIgniter\Exceptions\FrameworkException::forInvalidFile('Mantenedores/so...')
#1 C:\xampp\htdocs\gestion_apr\system\Common.php(1119): CodeIgniter\View\View->render('Mantenedores/so...', Array, true)
#2 C:\xampp\htdocs\gestion_apr\app\Controllers\ctrl_menu.php(23): view('Mantenedores/so...')
#3 C:\xampp\htdocs\gestion_apr\system\CodeIgniter.php(918): App\Controllers\ctrl_menu->socios()
#4 C:\xampp\htdocs\gestion_apr\system\CodeIgniter.php(404): CodeIgniter\CodeIgniter->runController(Object(App\Controllers\ctrl_menu))
#5 C:\xampp\htdocs\gestion_apr\system\CodeIgniter.php(312): CodeIgniter\CodeIgniter->handleRequest(NULL, Object(Config\Cache), false)
#6 C:\xampp\htdocs\gestion_apr\public\index.php(45): CodeIgniter\CodeIgniter->run()
#7 {main}
CRITICAL - 2021-01-26 13:48:09 --> Invalid file: Mantenedores/socios.php
#0 C:\xampp\htdocs\gestion_apr\system\View\View.php(228): CodeIgniter\Exceptions\FrameworkException::forInvalidFile('Mantenedores/so...')
#1 C:\xampp\htdocs\gestion_apr\system\Common.php(1119): CodeIgniter\View\View->render('Mantenedores/so...', Array, true)
#2 C:\xampp\htdocs\gestion_apr\app\Controllers\ctrl_menu.php(23): view('Mantenedores/so...')
#3 C:\xampp\htdocs\gestion_apr\system\CodeIgniter.php(918): App\Controllers\ctrl_menu->socios()
#4 C:\xampp\htdocs\gestion_apr\system\CodeIgniter.php(404): CodeIgniter\CodeIgniter->runController(Object(App\Controllers\ctrl_menu))
#5 C:\xampp\htdocs\gestion_apr\system\CodeIgniter.php(312): CodeIgniter\CodeIgniter->handleRequest(NULL, Object(Config\Cache), false)
#6 C:\xampp\htdocs\gestion_apr\public\index.php(45): CodeIgniter\CodeIgniter->run()
#7 {main}
CRITICAL - 2021-01-26 14:50:44 --> Cannot add or update a child row: a foreign key constraint fails (`gestion_apr`.`usuarios`, CONSTRAINT `rel_usuarios_comunass` FOREIGN KEY (`id_comuna`) REFERENCES `comunas` (`id`) ON DELETE SET NULL ON UPDATE SET NULL)
#0 C:\xampp\htdocs\gestion_apr\system\Database\MySQLi\Connection.php(331): mysqli->query('INSERT INTO `us...')
#1 C:\xampp\htdocs\gestion_apr\system\Database\BaseConnection.php(741): CodeIgniter\Database\MySQLi\Connection->execute('INSERT INTO `us...')
#2 C:\xampp\htdocs\gestion_apr\system\Database\BaseConnection.php(669): CodeIgniter\Database\BaseConnection->simpleQuery('INSERT INTO `us...')
#3 C:\xampp\htdocs\gestion_apr\system\Database\BaseBuilder.php(2249): CodeIgniter\Database\BaseConnection->query('INSERT INTO `us...', Array, false)
#4 C:\xampp\htdocs\gestion_apr\system\Model.php(755): CodeIgniter\Database\BaseBuilder->insert()
#5 C:\xampp\htdocs\gestion_apr\system\Model.php(574): CodeIgniter\Model->insert(Array, false)
#6 C:\xampp\htdocs\gestion_apr\app\Controllers\Configuracion\ctrl_usuarios.php(219): CodeIgniter\Model->save(Array)
#7 C:\xampp\htdocs\gestion_apr\system\CodeIgniter.php(918): App\Controllers\Configuracion\ctrl_usuarios->guardar_usuario()
#8 C:\xampp\htdocs\gestion_apr\system\CodeIgniter.php(404): CodeIgniter\CodeIgniter->runController(Object(App\Controllers\Configuracion\ctrl_usuarios))
#9 C:\xampp\htdocs\gestion_apr\system\CodeIgniter.php(312): CodeIgniter\CodeIgniter->handleRequest(NULL, Object(Config\Cache), false)
#10 C:\xampp\htdocs\gestion_apr\public\index.php(45): CodeIgniter\CodeIgniter->run()
#11 {main}
CRITICAL - 2021-01-26 15:12:28 --> Undefined variable: apr
#0 C:\xampp\htdocs\gestion_apr\app\Models\Formularios\md_socios.php(45): CodeIgniter\Debug\Exceptions->errorHandler(8, 'Undefined varia...', 'C:\\xampp\\htdocs...', 45, Array)
#1 C:\xampp\htdocs\gestion_apr\app\Controllers\Formularios\ctrl_socios.php(30): App\Models\Formularios\md_socios->datatable_socios(Object(CodeIgniter\Database\MySQLi\Connection))
#2 C:\xampp\htdocs\gestion_apr\system\CodeIgniter.php(918): App\Controllers\Formularios\ctrl_socios->datatable_socios()
#3 C:\xampp\htdocs\gestion_apr\system\CodeIgniter.php(404): CodeIgniter\CodeIgniter->runController(Object(App\Controllers\Formularios\ctrl_socios))
#4 C:\xampp\htdocs\gestion_apr\system\CodeIgniter.php(312): CodeIgniter\CodeIgniter->handleRequest(NULL, Object(Config\Cache), false)
#5 C:\xampp\htdocs\gestion_apr\public\index.php(45): CodeIgniter\CodeIgniter->run()
#6 {main}
CRITICAL - 2021-01-26 21:12:37 --> Class 'App\Models\Formularios\md_socios_traza' not found
#0 C:\xampp\htdocs\gestion_apr\system\CodeIgniter.php(890): App\Controllers\Formularios\ctrl_socios->__construct()
#1 C:\xampp\htdocs\gestion_apr\system\CodeIgniter.php(399): CodeIgniter\CodeIgniter->createController()
#2 C:\xampp\htdocs\gestion_apr\system\CodeIgniter.php(312): CodeIgniter\CodeIgniter->handleRequest(NULL, Object(Config\Cache), false)
#3 C:\xampp\htdocs\gestion_apr\public\index.php(45): CodeIgniter\CodeIgniter->run()
#4 {main}
CRITICAL - 2021-01-26 21:20:44 --> Undefined offset: 1
#0 C:\xampp\htdocs\gestion_apr\app\Controllers\Formularios\ctrl_socios.php(66): CodeIgniter\Debug\Exceptions->errorHandler(8, 'Undefined offse...', 'C:\\xampp\\htdocs...', 66, Array)
#1 C:\xampp\htdocs\gestion_apr\system\CodeIgniter.php(918): App\Controllers\Formularios\ctrl_socios->guardar_socio()
#2 C:\xampp\htdocs\gestion_apr\system\CodeIgniter.php(404): CodeIgniter\CodeIgniter->runController(Object(App\Controllers\Formularios\ctrl_socios))
#3 C:\xampp\htdocs\gestion_apr\system\CodeIgniter.php(312): CodeIgniter\CodeIgniter->handleRequest(NULL, Object(Config\Cache), false)
#4 C:\xampp\htdocs\gestion_apr\public\index.php(45): CodeIgniter\CodeIgniter->run()
#5 {main}
CRITICAL - 2021-01-26 21:21:01 --> Undefined offset: 1
#0 C:\xampp\htdocs\gestion_apr\app\Controllers\Formularios\ctrl_socios.php(66): CodeIgniter\Debug\Exceptions->errorHandler(8, 'Undefined offse...', 'C:\\xampp\\htdocs...', 66, Array)
#1 C:\xampp\htdocs\gestion_apr\system\CodeIgniter.php(918): App\Controllers\Formularios\ctrl_socios->guardar_socio()
#2 C:\xampp\htdocs\gestion_apr\system\CodeIgniter.php(404): CodeIgniter\CodeIgniter->runController(Object(App\Controllers\Formularios\ctrl_socios))
#3 C:\xampp\htdocs\gestion_apr\system\CodeIgniter.php(312): CodeIgniter\CodeIgniter->handleRequest(NULL, Object(Config\Cache), false)
#4 C:\xampp\htdocs\gestion_apr\public\index.php(45): CodeIgniter\CodeIgniter->run()
#5 {main}
