CRITICAL - 2021-01-22 09:39:41 --> Unknown column 'id_permiso' in 'where clause'
#0 C:\xampp\htdocs\gestion_apr\system\Database\MySQLi\Connection.php(331): mysqli->query('SELECT count(*)...')
#1 C:\xampp\htdocs\gestion_apr\system\Database\BaseConnection.php(741): CodeIgniter\Database\MySQLi\Connection->execute('SELECT count(*)...')
#2 C:\xampp\htdocs\gestion_apr\system\Database\BaseConnection.php(669): CodeIgniter\Database\BaseConnection->simpleQuery('SELECT count(*)...')
#3 C:\xampp\htdocs\gestion_apr\system\Database\BaseBuilder.php(1860): CodeIgniter\Database\BaseConnection->query('SELECT count(*)...', Array, false)
#4 C:\xampp\htdocs\gestion_apr\system\Model.php(506): CodeIgniter\Database\BaseBuilder->get()
#5 C:\xampp\htdocs\gestion_apr\app\Controllers\Configuracion\ctrl_usuarios.php(279): CodeIgniter\Model->first()
#6 C:\xampp\htdocs\gestion_apr\system\CodeIgniter.php(918): App\Controllers\Configuracion\ctrl_usuarios->guardar_permisos_usuario()
#7 C:\xampp\htdocs\gestion_apr\system\CodeIgniter.php(404): CodeIgniter\CodeIgniter->runController(Object(App\Controllers\Configuracion\ctrl_usuarios))
#8 C:\xampp\htdocs\gestion_apr\system\CodeIgniter.php(312): CodeIgniter\CodeIgniter->handleRequest(NULL, Object(Config\Cache), false)
#9 C:\xampp\htdocs\gestion_apr\public\index.php(45): CodeIgniter\CodeIgniter->run()
#10 {main}
CRITICAL - 2021-01-22 09:39:47 --> Unknown column 'id_permiso' in 'where clause'
#0 C:\xampp\htdocs\gestion_apr\system\Database\MySQLi\Connection.php(331): mysqli->query('SELECT count(*)...')
#1 C:\xampp\htdocs\gestion_apr\system\Database\BaseConnection.php(741): CodeIgniter\Database\MySQLi\Connection->execute('SELECT count(*)...')
#2 C:\xampp\htdocs\gestion_apr\system\Database\BaseConnection.php(669): CodeIgniter\Database\BaseConnection->simpleQuery('SELECT count(*)...')
#3 C:\xampp\htdocs\gestion_apr\system\Database\BaseBuilder.php(1860): CodeIgniter\Database\BaseConnection->query('SELECT count(*)...', Array, false)
#4 C:\xampp\htdocs\gestion_apr\system\Model.php(506): CodeIgniter\Database\BaseBuilder->get()
#5 C:\xampp\htdocs\gestion_apr\app\Controllers\Configuracion\ctrl_usuarios.php(279): CodeIgniter\Model->first()
#6 C:\xampp\htdocs\gestion_apr\system\CodeIgniter.php(918): App\Controllers\Configuracion\ctrl_usuarios->guardar_permisos_usuario()
#7 C:\xampp\htdocs\gestion_apr\system\CodeIgniter.php(404): CodeIgniter\CodeIgniter->runController(Object(App\Controllers\Configuracion\ctrl_usuarios))
#8 C:\xampp\htdocs\gestion_apr\system\CodeIgniter.php(312): CodeIgniter\CodeIgniter->handleRequest(NULL, Object(Config\Cache), false)
#9 C:\xampp\htdocs\gestion_apr\public\index.php(45): CodeIgniter\CodeIgniter->run()
#10 {main}
CRITICAL - 2021-01-22 09:40:48 --> Unknown column 'id_permiso' in 'where clause'
#0 C:\xampp\htdocs\gestion_apr\system\Database\MySQLi\Connection.php(331): mysqli->query('SELECT count(*)...')
#1 C:\xampp\htdocs\gestion_apr\system\Database\BaseConnection.php(741): CodeIgniter\Database\MySQLi\Connection->execute('SELECT count(*)...')
#2 C:\xampp\htdocs\gestion_apr\system\Database\BaseConnection.php(669): CodeIgniter\Database\BaseConnection->simpleQuery('SELECT count(*)...')
#3 C:\xampp\htdocs\gestion_apr\system\Database\BaseBuilder.php(1860): CodeIgniter\Database\BaseConnection->query('SELECT count(*)...', Array, false)
#4 C:\xampp\htdocs\gestion_apr\system\Model.php(506): CodeIgniter\Database\BaseBuilder->get()
#5 C:\xampp\htdocs\gestion_apr\app\Controllers\Configuracion\ctrl_usuarios.php(279): CodeIgniter\Model->first()
#6 C:\xampp\htdocs\gestion_apr\system\CodeIgniter.php(918): App\Controllers\Configuracion\ctrl_usuarios->guardar_permisos_usuario()
#7 C:\xampp\htdocs\gestion_apr\system\CodeIgniter.php(404): CodeIgniter\CodeIgniter->runController(Object(App\Controllers\Configuracion\ctrl_usuarios))
#8 C:\xampp\htdocs\gestion_apr\system\CodeIgniter.php(312): CodeIgniter\CodeIgniter->handleRequest(NULL, Object(Config\Cache), false)
#9 C:\xampp\htdocs\gestion_apr\public\index.php(45): CodeIgniter\CodeIgniter->run()
#10 {main}
CRITICAL - 2021-01-22 09:40:58 --> Unknown column 'id_permiso' in 'where clause'
#0 C:\xampp\htdocs\gestion_apr\system\Database\MySQLi\Connection.php(331): mysqli->query('SELECT count(*)...')
#1 C:\xampp\htdocs\gestion_apr\system\Database\BaseConnection.php(741): CodeIgniter\Database\MySQLi\Connection->execute('SELECT count(*)...')
#2 C:\xampp\htdocs\gestion_apr\system\Database\BaseConnection.php(669): CodeIgniter\Database\BaseConnection->simpleQuery('SELECT count(*)...')
#3 C:\xampp\htdocs\gestion_apr\system\Database\BaseBuilder.php(1860): CodeIgniter\Database\BaseConnection->query('SELECT count(*)...', Array, false)
#4 C:\xampp\htdocs\gestion_apr\system\Model.php(506): CodeIgniter\Database\BaseBuilder->get()
#5 C:\xampp\htdocs\gestion_apr\app\Controllers\Configuracion\ctrl_usuarios.php(279): CodeIgniter\Model->first()
#6 C:\xampp\htdocs\gestion_apr\system\CodeIgniter.php(918): App\Controllers\Configuracion\ctrl_usuarios->guardar_permisos_usuario()
#7 C:\xampp\htdocs\gestion_apr\system\CodeIgniter.php(404): CodeIgniter\CodeIgniter->runController(Object(App\Controllers\Configuracion\ctrl_usuarios))
#8 C:\xampp\htdocs\gestion_apr\system\CodeIgniter.php(312): CodeIgniter\CodeIgniter->handleRequest(NULL, Object(Config\Cache), false)
#9 C:\xampp\htdocs\gestion_apr\public\index.php(45): CodeIgniter\CodeIgniter->run()
#10 {main}
CRITICAL - 2021-01-22 09:44:01 --> Unknown column 'id_permiso' in 'where clause'
#0 C:\xampp\htdocs\gestion_apr\system\Database\MySQLi\Connection.php(331): mysqli->query('SELECT count(*)...')
#1 C:\xampp\htdocs\gestion_apr\system\Database\BaseConnection.php(741): CodeIgniter\Database\MySQLi\Connection->execute('SELECT count(*)...')
#2 C:\xampp\htdocs\gestion_apr\system\Database\BaseConnection.php(669): CodeIgniter\Database\BaseConnection->simpleQuery('SELECT count(*)...')
#3 C:\xampp\htdocs\gestion_apr\system\Database\BaseBuilder.php(1860): CodeIgniter\Database\BaseConnection->query('SELECT count(*)...', Array, false)
#4 C:\xampp\htdocs\gestion_apr\system\Model.php(506): CodeIgniter\Database\BaseBuilder->get()
#5 C:\xampp\htdocs\gestion_apr\app\Controllers\Configuracion\ctrl_usuarios.php(279): CodeIgniter\Model->first()
#6 C:\xampp\htdocs\gestion_apr\system\CodeIgniter.php(918): App\Controllers\Configuracion\ctrl_usuarios->guardar_permisos_usuario()
#7 C:\xampp\htdocs\gestion_apr\system\CodeIgniter.php(404): CodeIgniter\CodeIgniter->runController(Object(App\Controllers\Configuracion\ctrl_usuarios))
#8 C:\xampp\htdocs\gestion_apr\system\CodeIgniter.php(312): CodeIgniter\CodeIgniter->handleRequest(NULL, Object(Config\Cache), false)
#9 C:\xampp\htdocs\gestion_apr\public\index.php(45): CodeIgniter\CodeIgniter->run()
#10 {main}
CRITICAL - 2021-01-22 10:14:08 --> Unknown column 'id_permiso' in 'where clause'
#0 C:\xampp\htdocs\gestion_apr\system\Database\MySQLi\Connection.php(331): mysqli->query('SELECT count(*)...')
#1 C:\xampp\htdocs\gestion_apr\system\Database\BaseConnection.php(741): CodeIgniter\Database\MySQLi\Connection->execute('SELECT count(*)...')
#2 C:\xampp\htdocs\gestion_apr\system\Database\BaseConnection.php(669): CodeIgniter\Database\BaseConnection->simpleQuery('SELECT count(*)...')
#3 C:\xampp\htdocs\gestion_apr\system\Database\BaseBuilder.php(1860): CodeIgniter\Database\BaseConnection->query('SELECT count(*)...', Array, false)
#4 C:\xampp\htdocs\gestion_apr\system\Model.php(506): CodeIgniter\Database\BaseBuilder->get()
#5 C:\xampp\htdocs\gestion_apr\app\Controllers\Configuracion\ctrl_usuarios.php(279): CodeIgniter\Model->first()
#6 C:\xampp\htdocs\gestion_apr\system\CodeIgniter.php(918): App\Controllers\Configuracion\ctrl_usuarios->guardar_permisos_usuario()
#7 C:\xampp\htdocs\gestion_apr\system\CodeIgniter.php(404): CodeIgniter\CodeIgniter->runController(Object(App\Controllers\Configuracion\ctrl_usuarios))
#8 C:\xampp\htdocs\gestion_apr\system\CodeIgniter.php(312): CodeIgniter\CodeIgniter->handleRequest(NULL, Object(Config\Cache), false)
#9 C:\xampp\htdocs\gestion_apr\public\index.php(45): CodeIgniter\CodeIgniter->run()
#10 {main}
CRITICAL - 2021-01-22 10:14:14 --> Unknown column 'id_permiso' in 'where clause'
#0 C:\xampp\htdocs\gestion_apr\system\Database\MySQLi\Connection.php(331): mysqli->query('SELECT count(*)...')
#1 C:\xampp\htdocs\gestion_apr\system\Database\BaseConnection.php(741): CodeIgniter\Database\MySQLi\Connection->execute('SELECT count(*)...')
#2 C:\xampp\htdocs\gestion_apr\system\Database\BaseConnection.php(669): CodeIgniter\Database\BaseConnection->simpleQuery('SELECT count(*)...')
#3 C:\xampp\htdocs\gestion_apr\system\Database\BaseBuilder.php(1860): CodeIgniter\Database\BaseConnection->query('SELECT count(*)...', Array, false)
#4 C:\xampp\htdocs\gestion_apr\system\Model.php(506): CodeIgniter\Database\BaseBuilder->get()
#5 C:\xampp\htdocs\gestion_apr\app\Controllers\Configuracion\ctrl_usuarios.php(279): CodeIgniter\Model->first()
#6 C:\xampp\htdocs\gestion_apr\system\CodeIgniter.php(918): App\Controllers\Configuracion\ctrl_usuarios->guardar_permisos_usuario()
#7 C:\xampp\htdocs\gestion_apr\system\CodeIgniter.php(404): CodeIgniter\CodeIgniter->runController(Object(App\Controllers\Configuracion\ctrl_usuarios))
#8 C:\xampp\htdocs\gestion_apr\system\CodeIgniter.php(312): CodeIgniter\CodeIgniter->handleRequest(NULL, Object(Config\Cache), false)
#9 C:\xampp\htdocs\gestion_apr\public\index.php(45): CodeIgniter\CodeIgniter->run()
#10 {main}
CRITICAL - 2021-01-22 10:14:27 --> Unknown column 'id_permiso' in 'where clause'
#0 C:\xampp\htdocs\gestion_apr\system\Database\MySQLi\Connection.php(331): mysqli->query('SELECT count(*)...')
#1 C:\xampp\htdocs\gestion_apr\system\Database\BaseConnection.php(741): CodeIgniter\Database\MySQLi\Connection->execute('SELECT count(*)...')
#2 C:\xampp\htdocs\gestion_apr\system\Database\BaseConnection.php(669): CodeIgniter\Database\BaseConnection->simpleQuery('SELECT count(*)...')
#3 C:\xampp\htdocs\gestion_apr\system\Database\BaseBuilder.php(1860): CodeIgniter\Database\BaseConnection->query('SELECT count(*)...', Array, false)
#4 C:\xampp\htdocs\gestion_apr\system\Model.php(506): CodeIgniter\Database\BaseBuilder->get()
#5 C:\xampp\htdocs\gestion_apr\app\Controllers\Configuracion\ctrl_usuarios.php(279): CodeIgniter\Model->first()
#6 C:\xampp\htdocs\gestion_apr\system\CodeIgniter.php(918): App\Controllers\Configuracion\ctrl_usuarios->guardar_permisos_usuario()
#7 C:\xampp\htdocs\gestion_apr\system\CodeIgniter.php(404): CodeIgniter\CodeIgniter->runController(Object(App\Controllers\Configuracion\ctrl_usuarios))
#8 C:\xampp\htdocs\gestion_apr\system\CodeIgniter.php(312): CodeIgniter\CodeIgniter->handleRequest(NULL, Object(Config\Cache), false)
#9 C:\xampp\htdocs\gestion_apr\public\index.php(45): CodeIgniter\CodeIgniter->run()
#10 {main}
CRITICAL - 2021-01-22 10:15:59 --> Unknown column 'id_permiso' in 'where clause'
#0 C:\xampp\htdocs\gestion_apr\system\Database\MySQLi\Connection.php(331): mysqli->query('SELECT count(*)...')
#1 C:\xampp\htdocs\gestion_apr\system\Database\BaseConnection.php(741): CodeIgniter\Database\MySQLi\Connection->execute('SELECT count(*)...')
#2 C:\xampp\htdocs\gestion_apr\system\Database\BaseConnection.php(669): CodeIgniter\Database\BaseConnection->simpleQuery('SELECT count(*)...')
#3 C:\xampp\htdocs\gestion_apr\system\Database\BaseBuilder.php(1860): CodeIgniter\Database\BaseConnection->query('SELECT count(*)...', Array, false)
#4 C:\xampp\htdocs\gestion_apr\system\Model.php(506): CodeIgniter\Database\BaseBuilder->get()
#5 C:\xampp\htdocs\gestion_apr\app\Controllers\Configuracion\ctrl_usuarios.php(279): CodeIgniter\Model->first()
#6 C:\xampp\htdocs\gestion_apr\system\CodeIgniter.php(918): App\Controllers\Configuracion\ctrl_usuarios->guardar_permisos_usuario()
#7 C:\xampp\htdocs\gestion_apr\system\CodeIgniter.php(404): CodeIgniter\CodeIgniter->runController(Object(App\Controllers\Configuracion\ctrl_usuarios))
#8 C:\xampp\htdocs\gestion_apr\system\CodeIgniter.php(312): CodeIgniter\CodeIgniter->handleRequest(NULL, Object(Config\Cache), false)
#9 C:\xampp\htdocs\gestion_apr\public\index.php(45): CodeIgniter\CodeIgniter->run()
#10 {main}
CRITICAL - 2021-01-22 10:17:32 --> Unknown column 'id_permiso' in 'where clause'
#0 C:\xampp\htdocs\gestion_apr\system\Database\MySQLi\Connection.php(331): mysqli->query('SELECT count(*)...')
#1 C:\xampp\htdocs\gestion_apr\system\Database\BaseConnection.php(741): CodeIgniter\Database\MySQLi\Connection->execute('SELECT count(*)...')
#2 C:\xampp\htdocs\gestion_apr\system\Database\BaseConnection.php(669): CodeIgniter\Database\BaseConnection->simpleQuery('SELECT count(*)...')
#3 C:\xampp\htdocs\gestion_apr\system\Database\BaseBuilder.php(1860): CodeIgniter\Database\BaseConnection->query('SELECT count(*)...', Array, false)
#4 C:\xampp\htdocs\gestion_apr\system\Model.php(506): CodeIgniter\Database\BaseBuilder->get()
#5 C:\xampp\htdocs\gestion_apr\app\Controllers\Configuracion\ctrl_usuarios.php(279): CodeIgniter\Model->first()
#6 C:\xampp\htdocs\gestion_apr\system\CodeIgniter.php(918): App\Controllers\Configuracion\ctrl_usuarios->guardar_permisos_usuario()
#7 C:\xampp\htdocs\gestion_apr\system\CodeIgniter.php(404): CodeIgniter\CodeIgniter->runController(Object(App\Controllers\Configuracion\ctrl_usuarios))
#8 C:\xampp\htdocs\gestion_apr\system\CodeIgniter.php(312): CodeIgniter\CodeIgniter->handleRequest(NULL, Object(Config\Cache), false)
#9 C:\xampp\htdocs\gestion_apr\public\index.php(45): CodeIgniter\CodeIgniter->run()
#10 {main}
CRITICAL - 2021-01-22 10:25:10 --> Unknown column 'id_permiso' in 'where clause'
#0 C:\xampp\htdocs\gestion_apr\system\Database\MySQLi\Connection.php(331): mysqli->query('SELECT count(*)...')
#1 C:\xampp\htdocs\gestion_apr\system\Database\BaseConnection.php(741): CodeIgniter\Database\MySQLi\Connection->execute('SELECT count(*)...')
#2 C:\xampp\htdocs\gestion_apr\system\Database\BaseConnection.php(669): CodeIgniter\Database\BaseConnection->simpleQuery('SELECT count(*)...')
#3 C:\xampp\htdocs\gestion_apr\system\Database\BaseBuilder.php(1860): CodeIgniter\Database\BaseConnection->query('SELECT count(*)...', Array, false)
#4 C:\xampp\htdocs\gestion_apr\system\Model.php(506): CodeIgniter\Database\BaseBuilder->get()
#5 C:\xampp\htdocs\gestion_apr\app\Controllers\Configuracion\ctrl_usuarios.php(279): CodeIgniter\Model->first()
#6 C:\xampp\htdocs\gestion_apr\system\CodeIgniter.php(918): App\Controllers\Configuracion\ctrl_usuarios->guardar_permisos_usuario()
#7 C:\xampp\htdocs\gestion_apr\system\CodeIgniter.php(404): CodeIgniter\CodeIgniter->runController(Object(App\Controllers\Configuracion\ctrl_usuarios))
#8 C:\xampp\htdocs\gestion_apr\system\CodeIgniter.php(312): CodeIgniter\CodeIgniter->handleRequest(NULL, Object(Config\Cache), false)
#9 C:\xampp\htdocs\gestion_apr\public\index.php(45): CodeIgniter\CodeIgniter->run()
#10 {main}
CRITICAL - 2021-01-22 10:29:43 --> Call to undefined method App\Models\Configuracion\md_usuario_traza::existe_permiso_usuario
#0 C:\xampp\htdocs\gestion_apr\app\Controllers\Configuracion\ctrl_usuarios.php(279): CodeIgniter\Model->__call('existe_permiso_...', Array)
#1 C:\xampp\htdocs\gestion_apr\system\CodeIgniter.php(918): App\Controllers\Configuracion\ctrl_usuarios->guardar_permisos_usuario()
#2 C:\xampp\htdocs\gestion_apr\system\CodeIgniter.php(404): CodeIgniter\CodeIgniter->runController(Object(App\Controllers\Configuracion\ctrl_usuarios))
#3 C:\xampp\htdocs\gestion_apr\system\CodeIgniter.php(312): CodeIgniter\CodeIgniter->handleRequest(NULL, Object(Config\Cache), false)
#4 C:\xampp\htdocs\gestion_apr\public\index.php(45): CodeIgniter\CodeIgniter->run()
#5 {main}
CRITICAL - 2021-01-22 12:08:01 --> Undefined variable: observacion
#0 C:\xampp\htdocs\gestion_apr\app\Controllers\Configuracion\ctrl_usuarios.php(227): CodeIgniter\Debug\Exceptions->errorHandler(8, 'Undefined varia...', 'C:\\xampp\\htdocs...', 227, Array)
#1 C:\xampp\htdocs\gestion_apr\system\CodeIgniter.php(918): App\Controllers\Configuracion\ctrl_usuarios->guardar_usuario()
#2 C:\xampp\htdocs\gestion_apr\system\CodeIgniter.php(404): CodeIgniter\CodeIgniter->runController(Object(App\Controllers\Configuracion\ctrl_usuarios))
#3 C:\xampp\htdocs\gestion_apr\system\CodeIgniter.php(312): CodeIgniter\CodeIgniter->handleRequest(NULL, Object(Config\Cache), false)
#4 C:\xampp\htdocs\gestion_apr\public\index.php(45): CodeIgniter\CodeIgniter->run()
#5 {main}
CRITICAL - 2021-01-22 12:08:47 --> Constant OK already defined
#0 [internal function]: CodeIgniter\Debug\Exceptions->errorHandler(8, 'Constant OK alr...', 'C:\\xampp\\htdocs...', 351, Array)
#1 C:\xampp\htdocs\gestion_apr\app\Controllers\Configuracion\ctrl_usuarios.php(351): define('OK', 1)
#2 C:\xampp\htdocs\gestion_apr\app\Controllers\Configuracion\ctrl_usuarios.php(228): App\Controllers\Configuracion\ctrl_usuarios->guardar_traza('6', 0, '')
#3 C:\xampp\htdocs\gestion_apr\system\CodeIgniter.php(918): App\Controllers\Configuracion\ctrl_usuarios->guardar_usuario()
#4 C:\xampp\htdocs\gestion_apr\system\CodeIgniter.php(404): CodeIgniter\CodeIgniter->runController(Object(App\Controllers\Configuracion\ctrl_usuarios))
#5 C:\xampp\htdocs\gestion_apr\system\CodeIgniter.php(312): CodeIgniter\CodeIgniter->handleRequest(NULL, Object(Config\Cache), false)
#6 C:\xampp\htdocs\gestion_apr\public\index.php(45): CodeIgniter\CodeIgniter->run()
#7 {main}
CRITICAL - 2021-01-22 12:42:02 --> Cannot add or update a child row: a foreign key constraint fails (`gestion_apr`.`usuarios`, CONSTRAINT `rel_usuario_comuna` FOREIGN KEY (`id_comuna`) REFERENCES `comunas` (`id`))
#0 C:\xampp\htdocs\gestion_apr\system\Database\MySQLi\Connection.php(331): mysqli->query('INSERT INTO `us...')
#1 C:\xampp\htdocs\gestion_apr\system\Database\BaseConnection.php(741): CodeIgniter\Database\MySQLi\Connection->execute('INSERT INTO `us...')
#2 C:\xampp\htdocs\gestion_apr\system\Database\BaseConnection.php(669): CodeIgniter\Database\BaseConnection->simpleQuery('INSERT INTO `us...')
#3 C:\xampp\htdocs\gestion_apr\system\Database\BaseBuilder.php(2249): CodeIgniter\Database\BaseConnection->query('INSERT INTO `us...', Array, false)
#4 C:\xampp\htdocs\gestion_apr\system\Model.php(755): CodeIgniter\Database\BaseBuilder->insert()
#5 C:\xampp\htdocs\gestion_apr\system\Model.php(574): CodeIgniter\Model->insert(Array, false)
#6 C:\xampp\htdocs\gestion_apr\app\Controllers\Configuracion\ctrl_usuarios.php(219): CodeIgniter\Model->save(Array)
#7 C:\xampp\htdocs\gestion_apr\system\CodeIgniter.php(918): App\Controllers\Configuracion\ctrl_usuarios->guardar_usuario()
#8 C:\xampp\htdocs\gestion_apr\system\CodeIgniter.php(404): CodeIgniter\CodeIgniter->runController(Object(App\Controllers\Configuracion\ctrl_usuarios))
#9 C:\xampp\htdocs\gestion_apr\system\CodeIgniter.php(312): CodeIgniter\CodeIgniter->handleRequest(NULL, Object(Config\Cache), false)
#10 C:\xampp\htdocs\gestion_apr\public\index.php(45): CodeIgniter\CodeIgniter->run()
#11 {main}
CRITICAL - 2021-01-22 12:42:50 --> Undefined variable: observacion
#0 C:\xampp\htdocs\gestion_apr\app\Controllers\Configuracion\ctrl_usuarios.php(323): CodeIgniter\Debug\Exceptions->errorHandler(8, 'Undefined varia...', 'C:\\xampp\\htdocs...', 323, Array)
#1 C:\xampp\htdocs\gestion_apr\system\CodeIgniter.php(918): App\Controllers\Configuracion\ctrl_usuarios->guardar_permisos_usuario()
#2 C:\xampp\htdocs\gestion_apr\system\CodeIgniter.php(404): CodeIgniter\CodeIgniter->runController(Object(App\Controllers\Configuracion\ctrl_usuarios))
#3 C:\xampp\htdocs\gestion_apr\system\CodeIgniter.php(312): CodeIgniter\CodeIgniter->handleRequest(NULL, Object(Config\Cache), false)
#4 C:\xampp\htdocs\gestion_apr\public\index.php(45): CodeIgniter\CodeIgniter->run()
#5 {main}
CRITICAL - 2021-01-22 12:42:51 --> Undefined variable: observacion
#0 C:\xampp\htdocs\gestion_apr\app\Controllers\Configuracion\ctrl_usuarios.php(323): CodeIgniter\Debug\Exceptions->errorHandler(8, 'Undefined varia...', 'C:\\xampp\\htdocs...', 323, Array)
#1 C:\xampp\htdocs\gestion_apr\system\CodeIgniter.php(918): App\Controllers\Configuracion\ctrl_usuarios->guardar_permisos_usuario()
#2 C:\xampp\htdocs\gestion_apr\system\CodeIgniter.php(404): CodeIgniter\CodeIgniter->runController(Object(App\Controllers\Configuracion\ctrl_usuarios))
#3 C:\xampp\htdocs\gestion_apr\system\CodeIgniter.php(312): CodeIgniter\CodeIgniter->handleRequest(NULL, Object(Config\Cache), false)
#4 C:\xampp\htdocs\gestion_apr\public\index.php(45): CodeIgniter\CodeIgniter->run()
#5 {main}
CRITICAL - 2021-01-22 12:42:51 --> Undefined variable: observacion
#0 C:\xampp\htdocs\gestion_apr\app\Controllers\Configuracion\ctrl_usuarios.php(323): CodeIgniter\Debug\Exceptions->errorHandler(8, 'Undefined varia...', 'C:\\xampp\\htdocs...', 323, Array)
#1 C:\xampp\htdocs\gestion_apr\system\CodeIgniter.php(918): App\Controllers\Configuracion\ctrl_usuarios->guardar_permisos_usuario()
#2 C:\xampp\htdocs\gestion_apr\system\CodeIgniter.php(404): CodeIgniter\CodeIgniter->runController(Object(App\Controllers\Configuracion\ctrl_usuarios))
#3 C:\xampp\htdocs\gestion_apr\system\CodeIgniter.php(312): CodeIgniter\CodeIgniter->handleRequest(NULL, Object(Config\Cache), false)
#4 C:\xampp\htdocs\gestion_apr\public\index.php(45): CodeIgniter\CodeIgniter->run()
#5 {main}
CRITICAL - 2021-01-22 12:42:52 --> Undefined variable: observacion
#0 C:\xampp\htdocs\gestion_apr\app\Controllers\Configuracion\ctrl_usuarios.php(323): CodeIgniter\Debug\Exceptions->errorHandler(8, 'Undefined varia...', 'C:\\xampp\\htdocs...', 323, Array)
#1 C:\xampp\htdocs\gestion_apr\system\CodeIgniter.php(918): App\Controllers\Configuracion\ctrl_usuarios->guardar_permisos_usuario()
#2 C:\xampp\htdocs\gestion_apr\system\CodeIgniter.php(404): CodeIgniter\CodeIgniter->runController(Object(App\Controllers\Configuracion\ctrl_usuarios))
#3 C:\xampp\htdocs\gestion_apr\system\CodeIgniter.php(312): CodeIgniter\CodeIgniter->handleRequest(NULL, Object(Config\Cache), false)
#4 C:\xampp\htdocs\gestion_apr\public\index.php(45): CodeIgniter\CodeIgniter->run()
#5 {main}
CRITICAL - 2021-01-22 12:42:55 --> Undefined variable: observacion
#0 C:\xampp\htdocs\gestion_apr\app\Controllers\Configuracion\ctrl_usuarios.php(323): CodeIgniter\Debug\Exceptions->errorHandler(8, 'Undefined varia...', 'C:\\xampp\\htdocs...', 323, Array)
#1 C:\xampp\htdocs\gestion_apr\system\CodeIgniter.php(918): App\Controllers\Configuracion\ctrl_usuarios->guardar_permisos_usuario()
#2 C:\xampp\htdocs\gestion_apr\system\CodeIgniter.php(404): CodeIgniter\CodeIgniter->runController(Object(App\Controllers\Configuracion\ctrl_usuarios))
#3 C:\xampp\htdocs\gestion_apr\system\CodeIgniter.php(312): CodeIgniter\CodeIgniter->handleRequest(NULL, Object(Config\Cache), false)
#4 C:\xampp\htdocs\gestion_apr\public\index.php(45): CodeIgniter\CodeIgniter->run()
#5 {main}
CRITICAL - 2021-01-22 12:43:16 --> Undefined property: App\Controllers\ctrl_login::$sesión
#0 C:\xampp\htdocs\gestion_apr\app\Controllers\ctrl_login.php(139): CodeIgniter\Debug\Exceptions->errorHandler(8, 'Undefined prope...', 'C:\\xampp\\htdocs...', 139, Array)
#1 C:\xampp\htdocs\gestion_apr\app\Controllers\ctrl_login.php(130): App\Controllers\ctrl_login->guardar_traza('8', 7, '')
#2 C:\xampp\htdocs\gestion_apr\system\CodeIgniter.php(918): App\Controllers\ctrl_login->activar_cuenta()
#3 C:\xampp\htdocs\gestion_apr\system\CodeIgniter.php(404): CodeIgniter\CodeIgniter->runController(Object(App\Controllers\ctrl_login))
#4 C:\xampp\htdocs\gestion_apr\system\CodeIgniter.php(312): CodeIgniter\CodeIgniter->handleRequest(NULL, Object(Config\Cache), false)
#5 C:\xampp\htdocs\gestion_apr\public\index.php(45): CodeIgniter\CodeIgniter->run()
#6 {main}
CRITICAL - 2021-01-22 12:43:20 --> Undefined property: App\Controllers\ctrl_login::$sesión
#0 C:\xampp\htdocs\gestion_apr\app\Controllers\ctrl_login.php(139): CodeIgniter\Debug\Exceptions->errorHandler(8, 'Undefined prope...', 'C:\\xampp\\htdocs...', 139, Array)
#1 C:\xampp\htdocs\gestion_apr\app\Controllers\ctrl_login.php(130): App\Controllers\ctrl_login->guardar_traza('8', 7, '')
#2 C:\xampp\htdocs\gestion_apr\system\CodeIgniter.php(918): App\Controllers\ctrl_login->activar_cuenta()
#3 C:\xampp\htdocs\gestion_apr\system\CodeIgniter.php(404): CodeIgniter\CodeIgniter->runController(Object(App\Controllers\ctrl_login))
#4 C:\xampp\htdocs\gestion_apr\system\CodeIgniter.php(312): CodeIgniter\CodeIgniter->handleRequest(NULL, Object(Config\Cache), false)
#5 C:\xampp\htdocs\gestion_apr\public\index.php(45): CodeIgniter\CodeIgniter->run()
#6 {main}
CRITICAL - 2021-01-22 12:43:31 --> Undefined property: App\Controllers\ctrl_login::$sesión
#0 C:\xampp\htdocs\gestion_apr\app\Controllers\ctrl_login.php(139): CodeIgniter\Debug\Exceptions->errorHandler(8, 'Undefined prope...', 'C:\\xampp\\htdocs...', 139, Array)
#1 C:\xampp\htdocs\gestion_apr\app\Controllers\ctrl_login.php(130): App\Controllers\ctrl_login->guardar_traza('8', 7, '')
#2 C:\xampp\htdocs\gestion_apr\system\CodeIgniter.php(918): App\Controllers\ctrl_login->activar_cuenta()
#3 C:\xampp\htdocs\gestion_apr\system\CodeIgniter.php(404): CodeIgniter\CodeIgniter->runController(Object(App\Controllers\ctrl_login))
#4 C:\xampp\htdocs\gestion_apr\system\CodeIgniter.php(312): CodeIgniter\CodeIgniter->handleRequest(NULL, Object(Config\Cache), false)
#5 C:\xampp\htdocs\gestion_apr\public\index.php(45): CodeIgniter\CodeIgniter->run()
#6 {main}
CRITICAL - 2021-01-22 14:13:07 --> Call to undefined method App\Models\Configuracion\md_usuario_traza::datatable_usuarios_traza
#0 C:\xampp\htdocs\gestion_apr\app\Controllers\Configuracion\ctrl_usuarios.php(382): CodeIgniter\Model->__call('datatable_usuar...', Array)
#1 C:\xampp\htdocs\gestion_apr\system\CodeIgniter.php(918): App\Controllers\Configuracion\ctrl_usuarios->datatable_usuarios_traza('8')
#2 C:\xampp\htdocs\gestion_apr\system\CodeIgniter.php(404): CodeIgniter\CodeIgniter->runController(Object(App\Controllers\Configuracion\ctrl_usuarios))
#3 C:\xampp\htdocs\gestion_apr\system\CodeIgniter.php(312): CodeIgniter\CodeIgniter->handleRequest(NULL, Object(Config\Cache), false)
#4 C:\xampp\htdocs\gestion_apr\public\index.php(45): CodeIgniter\CodeIgniter->run()
#5 {main}
CRITICAL - 2021-01-22 14:14:00 --> You have an error in your SQL syntax; check the manual that corresponds to your MySQL server version for the right syntax to use near '?' at line 11
#0 C:\xampp\htdocs\gestion_apr\system\Database\MySQLi\Connection.php(331): mysqli->query('SELECT \r\n\t\t\t\t\t\t...')
#1 C:\xampp\htdocs\gestion_apr\system\Database\BaseConnection.php(741): CodeIgniter\Database\MySQLi\Connection->execute('SELECT \r\n\t\t\t\t\t\t...')
#2 C:\xampp\htdocs\gestion_apr\system\Database\BaseConnection.php(669): CodeIgniter\Database\BaseConnection->simpleQuery('SELECT \r\n\t\t\t\t\t\t...')
#3 C:\xampp\htdocs\gestion_apr\app\Models\Configuracion\md_usuario_traza.php(27): CodeIgniter\Database\BaseConnection->query('SELECT \r\n\t\t\t\t\t\t...', Array)
#4 C:\xampp\htdocs\gestion_apr\app\Controllers\Configuracion\ctrl_usuarios.php(382): App\Models\Configuracion\md_usuario_traza->datatable_usuario_traza(Object(CodeIgniter\Database\MySQLi\Connection), '8')
#5 C:\xampp\htdocs\gestion_apr\system\CodeIgniter.php(918): App\Controllers\Configuracion\ctrl_usuarios->datatable_usuarios_traza('8')
#6 C:\xampp\htdocs\gestion_apr\system\CodeIgniter.php(404): CodeIgniter\CodeIgniter->runController(Object(App\Controllers\Configuracion\ctrl_usuarios))
#7 C:\xampp\htdocs\gestion_apr\system\CodeIgniter.php(312): CodeIgniter\CodeIgniter->handleRequest(NULL, Object(Config\Cache), false)
#8 C:\xampp\htdocs\gestion_apr\public\index.php(45): CodeIgniter\CodeIgniter->run()
#9 {main}
CRITICAL - 2021-01-22 14:15:58 --> You have an error in your SQL syntax; check the manual that corresponds to your MySQL server version for the right syntax to use near '?' at line 11
#0 C:\xampp\htdocs\gestion_apr\system\Database\MySQLi\Connection.php(331): mysqli->query('SELECT \r\n\t\t\t\t\t\t...')
#1 C:\xampp\htdocs\gestion_apr\system\Database\BaseConnection.php(741): CodeIgniter\Database\MySQLi\Connection->execute('SELECT \r\n\t\t\t\t\t\t...')
#2 C:\xampp\htdocs\gestion_apr\system\Database\BaseConnection.php(669): CodeIgniter\Database\BaseConnection->simpleQuery('SELECT \r\n\t\t\t\t\t\t...')
#3 C:\xampp\htdocs\gestion_apr\app\Models\Configuracion\md_usuario_traza.php(29): CodeIgniter\Database\BaseConnection->query('SELECT \r\n\t\t\t\t\t\t...', Array)
#4 C:\xampp\htdocs\gestion_apr\app\Controllers\Configuracion\ctrl_usuarios.php(382): App\Models\Configuracion\md_usuario_traza->datatable_usuario_traza(Object(CodeIgniter\Database\MySQLi\Connection), '8')
#5 C:\xampp\htdocs\gestion_apr\system\CodeIgniter.php(918): App\Controllers\Configuracion\ctrl_usuarios->datatable_usuarios_traza('8')
#6 C:\xampp\htdocs\gestion_apr\system\CodeIgniter.php(404): CodeIgniter\CodeIgniter->runController(Object(App\Controllers\Configuracion\ctrl_usuarios))
#7 C:\xampp\htdocs\gestion_apr\system\CodeIgniter.php(312): CodeIgniter\CodeIgniter->handleRequest(NULL, Object(Config\Cache), false)
#8 C:\xampp\htdocs\gestion_apr\public\index.php(45): CodeIgniter\CodeIgniter->run()
#9 {main}
CRITICAL - 2021-01-22 14:20:00 --> Undefined variable: observacion
#0 C:\xampp\htdocs\gestion_apr\app\Controllers\Configuracion\ctrl_usuarios.php(323): CodeIgniter\Debug\Exceptions->errorHandler(8, 'Undefined varia...', 'C:\\xampp\\htdocs...', 323, Array)
#1 C:\xampp\htdocs\gestion_apr\system\CodeIgniter.php(918): App\Controllers\Configuracion\ctrl_usuarios->guardar_permisos_usuario()
#2 C:\xampp\htdocs\gestion_apr\system\CodeIgniter.php(404): CodeIgniter\CodeIgniter->runController(Object(App\Controllers\Configuracion\ctrl_usuarios))
#3 C:\xampp\htdocs\gestion_apr\system\CodeIgniter.php(312): CodeIgniter\CodeIgniter->handleRequest(NULL, Object(Config\Cache), false)
#4 C:\xampp\htdocs\gestion_apr\public\index.php(45): CodeIgniter\CodeIgniter->run()
#5 {main}
