CRITICAL - 2021-02-16 21:08:22 -->  route cannot be found while reverse-routing.
#0 C:\xampp\htdocs\gestion_apr\system\HTTP\RedirectResponse.php(92): CodeIgniter\HTTP\Exceptions\HTTPException::forInvalidRedirectRoute('')
#1 C:\xampp\htdocs\gestion_apr\system\Common.php(845): CodeIgniter\HTTP\RedirectResponse->route(false)
#2 C:\xampp\htdocs\gestion_apr\app\Controllers\ctrl_menu.php(63): redirect('http://localhos...')
#3 C:\xampp\htdocs\gestion_apr\app\Controllers\ctrl_menu.php(22): App\Controllers\ctrl_menu->validar_sesion()
#4 C:\xampp\htdocs\gestion_apr\system\CodeIgniter.php(918): App\Controllers\ctrl_menu->costo_metros()
#5 C:\xampp\htdocs\gestion_apr\system\CodeIgniter.php(404): CodeIgniter\CodeIgniter->runController(Object(App\Controllers\ctrl_menu))
#6 C:\xampp\htdocs\gestion_apr\system\CodeIgniter.php(312): CodeIgniter\CodeIgniter->handleRequest(NULL, Object(Config\Cache), false)
#7 C:\xampp\htdocs\gestion_apr\public\index.php(45): CodeIgniter\CodeIgniter->run()
#8 {main}
CRITICAL - 2021-02-16 21:09:20 -->  route cannot be found while reverse-routing.
#0 C:\xampp\htdocs\gestion_apr\system\HTTP\RedirectResponse.php(92): CodeIgniter\HTTP\Exceptions\HTTPException::forInvalidRedirectRoute('')
#1 C:\xampp\htdocs\gestion_apr\system\Common.php(845): CodeIgniter\HTTP\RedirectResponse->route(false)
#2 C:\xampp\htdocs\gestion_apr\app\Controllers\ctrl_menu.php(63): redirect('http://localhos...')
#3 C:\xampp\htdocs\gestion_apr\app\Controllers\ctrl_menu.php(22): App\Controllers\ctrl_menu->validar_sesion()
#4 C:\xampp\htdocs\gestion_apr\system\CodeIgniter.php(918): App\Controllers\ctrl_menu->costo_metros()
#5 C:\xampp\htdocs\gestion_apr\system\CodeIgniter.php(404): CodeIgniter\CodeIgniter->runController(Object(App\Controllers\ctrl_menu))
#6 C:\xampp\htdocs\gestion_apr\system\CodeIgniter.php(312): CodeIgniter\CodeIgniter->handleRequest(NULL, Object(Config\Cache), false)
#7 C:\xampp\htdocs\gestion_apr\public\index.php(45): CodeIgniter\CodeIgniter->run()
#8 {main}
CRITICAL - 2021-02-16 21:19:57 --> Unknown column 'cm.id_apr' in 'where clause'
#0 C:\xampp\htdocs\gestion_apr\system\Database\MySQLi\Connection.php(331): mysqli->query('SELECT \r\n\t\t\t\t\t\t...')
#1 C:\xampp\htdocs\gestion_apr\system\Database\BaseConnection.php(741): CodeIgniter\Database\MySQLi\Connection->execute('SELECT \r\n\t\t\t\t\t\t...')
#2 C:\xampp\htdocs\gestion_apr\system\Database\BaseConnection.php(669): CodeIgniter\Database\BaseConnection->simpleQuery('SELECT \r\n\t\t\t\t\t\t...')
#3 C:\xampp\htdocs\gestion_apr\app\Models\Configuracion\md_costo_metros.php(124): CodeIgniter\Database\BaseConnection->query('SELECT \r\n\t\t\t\t\t\t...')
#4 C:\xampp\htdocs\gestion_apr\app\Controllers\Consumo\ctrl_metros.php(137): App\Models\Configuracion\md_costo_metros->datatable_costo_metros_consumo(Object(CodeIgniter\Database\MySQLi\Connection), '1', '0')
#5 C:\xampp\htdocs\gestion_apr\system\CodeIgniter.php(918): App\Controllers\Consumo\ctrl_metros->datatable_costo_metros('0')
#6 C:\xampp\htdocs\gestion_apr\system\CodeIgniter.php(404): CodeIgniter\CodeIgniter->runController(Object(App\Controllers\Consumo\ctrl_metros))
#7 C:\xampp\htdocs\gestion_apr\system\CodeIgniter.php(312): CodeIgniter\CodeIgniter->handleRequest(NULL, Object(Config\Cache), false)
#8 C:\xampp\htdocs\gestion_apr\public\index.php(45): CodeIgniter\CodeIgniter->run()
#9 {main}
CRITICAL - 2021-02-16 22:21:46 --> Too few arguments to function App\Controllers\Consumo\ctrl_metros::datatable_costo_metros(), 1 passed in C:\xampp\htdocs\gestion_apr\system\CodeIgniter.php on line 918 and exactly 2 expected
#0 C:\xampp\htdocs\gestion_apr\system\CodeIgniter.php(918): App\Controllers\Consumo\ctrl_metros->datatable_costo_metros('0')
#1 C:\xampp\htdocs\gestion_apr\system\CodeIgniter.php(404): CodeIgniter\CodeIgniter->runController(Object(App\Controllers\Consumo\ctrl_metros))
#2 C:\xampp\htdocs\gestion_apr\system\CodeIgniter.php(312): CodeIgniter\CodeIgniter->handleRequest(NULL, Object(Config\Cache), false)
#3 C:\xampp\htdocs\gestion_apr\public\index.php(45): CodeIgniter\CodeIgniter->run()
#4 {main}
