CRITICAL - 2021-02-18 10:51:59 --> Too few arguments to function App\Controllers\Consumo\ctrl_metros::datatable_costo_metros(), 1 passed in C:\xampp\htdocs\gestion_apr\system\CodeIgniter.php on line 918 and exactly 2 expected
#0 C:\xampp\htdocs\gestion_apr\system\CodeIgniter.php(918): App\Controllers\Consumo\ctrl_metros->datatable_costo_metros('0')
#1 C:\xampp\htdocs\gestion_apr\system\CodeIgniter.php(404): CodeIgniter\CodeIgniter->runController(Object(App\Controllers\Consumo\ctrl_metros))
#2 C:\xampp\htdocs\gestion_apr\system\CodeIgniter.php(312): CodeIgniter\CodeIgniter->handleRequest(NULL, Object(Config\Cache), false)
#3 C:\xampp\htdocs\gestion_apr\public\index.php(45): CodeIgniter\CodeIgniter->run()
#4 {main}
CRITICAL - 2021-02-18 13:59:04 --> You have an error in your SQL syntax; check the manual that corresponds to your MySQL server version for the right syntax to use near 'cf.cargo_fijo
						from 
							arranques a
						    inner join medidores m' at line 13
#0 C:\xampp\htdocs\gestion_apr\system\Database\MySQLi\Connection.php(331): mysqli->query('SELECT \r\n\t\t\t\t\t\t...')
#1 C:\xampp\htdocs\gestion_apr\system\Database\BaseConnection.php(741): CodeIgniter\Database\MySQLi\Connection->execute('SELECT \r\n\t\t\t\t\t\t...')
#2 C:\xampp\htdocs\gestion_apr\system\Database\BaseConnection.php(669): CodeIgniter\Database\BaseConnection->simpleQuery('SELECT \r\n\t\t\t\t\t\t...')
#3 C:\xampp\htdocs\gestion_apr\app\Models\Consumo\md_metros.php(112): CodeIgniter\Database\BaseConnection->query('SELECT \r\n\t\t\t\t\t\t...')
#4 C:\xampp\htdocs\gestion_apr\app\Controllers\Consumo\ctrl_metros.php(132): App\Models\Consumo\md_metros->datatable_buscar_socio(Object(CodeIgniter\Database\MySQLi\Connection), '1')
#5 C:\xampp\htdocs\gestion_apr\system\CodeIgniter.php(918): App\Controllers\Consumo\ctrl_metros->datatable_buscar_socio()
#6 C:\xampp\htdocs\gestion_apr\system\CodeIgniter.php(404): CodeIgniter\CodeIgniter->runController(Object(App\Controllers\Consumo\ctrl_metros))
#7 C:\xampp\htdocs\gestion_apr\system\CodeIgniter.php(312): CodeIgniter\CodeIgniter->handleRequest(NULL, Object(Config\Cache), false)
#8 C:\xampp\htdocs\gestion_apr\public\index.php(45): CodeIgniter\CodeIgniter->run()
#9 {main}
CRITICAL - 2021-02-18 15:17:31 --> Unknown column 'observacion' in 'field list'
#0 C:\xampp\htdocs\gestion_apr\system\Database\MySQLi\Connection.php(331): mysqli->query('INSERT INTO `me...')
#1 C:\xampp\htdocs\gestion_apr\system\Database\BaseConnection.php(741): CodeIgniter\Database\MySQLi\Connection->execute('INSERT INTO `me...')
#2 C:\xampp\htdocs\gestion_apr\system\Database\BaseConnection.php(669): CodeIgniter\Database\BaseConnection->simpleQuery('INSERT INTO `me...')
#3 C:\xampp\htdocs\gestion_apr\system\Database\BaseBuilder.php(2249): CodeIgniter\Database\BaseConnection->query('INSERT INTO `me...', Array, false)
#4 C:\xampp\htdocs\gestion_apr\system\Model.php(755): CodeIgniter\Database\BaseBuilder->insert()
#5 C:\xampp\htdocs\gestion_apr\system\Model.php(574): CodeIgniter\Model->insert(Array, false)
#6 C:\xampp\htdocs\gestion_apr\app\Controllers\Consumo\ctrl_metros.php(115): CodeIgniter\Model->save(Array)
#7 C:\xampp\htdocs\gestion_apr\app\Controllers\Consumo\ctrl_metros.php(95): App\Controllers\Consumo\ctrl_metros->guardar_traza('', 1, '')
#8 C:\xampp\htdocs\gestion_apr\system\CodeIgniter.php(918): App\Controllers\Consumo\ctrl_metros->guardar_metros()
#9 C:\xampp\htdocs\gestion_apr\system\CodeIgniter.php(404): CodeIgniter\CodeIgniter->runController(Object(App\Controllers\Consumo\ctrl_metros))
#10 C:\xampp\htdocs\gestion_apr\system\CodeIgniter.php(312): CodeIgniter\CodeIgniter->handleRequest(NULL, Object(Config\Cache), false)
#11 C:\xampp\htdocs\gestion_apr\public\index.php(45): CodeIgniter\CodeIgniter->run()
#12 {main}
CRITICAL - 2021-02-18 23:20:02 --> date_format() expects parameter 1 to be DateTimeInterface, string given
#0 [internal function]: CodeIgniter\Debug\Exceptions->errorHandler(2, 'date_format() e...', 'C:\\xampp\\htdocs...', 151, Array)
#1 C:\xampp\htdocs\gestion_apr\app\Controllers\Consumo\ctrl_metros.php(151): date_format('10-04-2021', 'm-Y')
#2 C:\xampp\htdocs\gestion_apr\system\CodeIgniter.php(918): App\Controllers\Consumo\ctrl_metros->existe_consumo_mes()
#3 C:\xampp\htdocs\gestion_apr\system\CodeIgniter.php(404): CodeIgniter\CodeIgniter->runController(Object(App\Controllers\Consumo\ctrl_metros))
#4 C:\xampp\htdocs\gestion_apr\system\CodeIgniter.php(312): CodeIgniter\CodeIgniter->handleRequest(NULL, Object(Config\Cache), false)
#5 C:\xampp\htdocs\gestion_apr\public\index.php(45): CodeIgniter\CodeIgniter->run()
#6 {main}
CRITICAL - 2021-02-18 23:20:25 --> date_format() expects parameter 1 to be DateTimeInterface, string given
#0 [internal function]: CodeIgniter\Debug\Exceptions->errorHandler(2, 'date_format() e...', 'C:\\xampp\\htdocs...', 151, Array)
#1 C:\xampp\htdocs\gestion_apr\app\Controllers\Consumo\ctrl_metros.php(151): date_format('10-03-2021', 'm-Y')
#2 C:\xampp\htdocs\gestion_apr\system\CodeIgniter.php(918): App\Controllers\Consumo\ctrl_metros->existe_consumo_mes()
#3 C:\xampp\htdocs\gestion_apr\system\CodeIgniter.php(404): CodeIgniter\CodeIgniter->runController(Object(App\Controllers\Consumo\ctrl_metros))
#4 C:\xampp\htdocs\gestion_apr\system\CodeIgniter.php(312): CodeIgniter\CodeIgniter->handleRequest(NULL, Object(Config\Cache), false)
#5 C:\xampp\htdocs\gestion_apr\public\index.php(45): CodeIgniter\CodeIgniter->run()
#6 {main}
CRITICAL - 2021-02-18 23:21:21 --> date_format() expects parameter 1 to be DateTimeInterface, string given
#0 [internal function]: CodeIgniter\Debug\Exceptions->errorHandler(2, 'date_format() e...', 'C:\\xampp\\htdocs...', 151, Array)
#1 C:\xampp\htdocs\gestion_apr\app\Controllers\Consumo\ctrl_metros.php(151): date_format('10-02-2021', 'm-Y')
#2 C:\xampp\htdocs\gestion_apr\system\CodeIgniter.php(918): App\Controllers\Consumo\ctrl_metros->existe_consumo_mes()
#3 C:\xampp\htdocs\gestion_apr\system\CodeIgniter.php(404): CodeIgniter\CodeIgniter->runController(Object(App\Controllers\Consumo\ctrl_metros))
#4 C:\xampp\htdocs\gestion_apr\system\CodeIgniter.php(312): CodeIgniter\CodeIgniter->handleRequest(NULL, Object(Config\Cache), false)
#5 C:\xampp\htdocs\gestion_apr\public\index.php(45): CodeIgniter\CodeIgniter->run()
#6 {main}
