CRITICAL - 2021-02-06 12:42:34 --> Class 'App\Models\Consumo\md_metros' not found
#0 C:\xampp\htdocs\gestion_apr\system\CodeIgniter.php(890): App\Controllers\Consumo\ctrl_metros->__construct()
#1 C:\xampp\htdocs\gestion_apr\system\CodeIgniter.php(399): CodeIgniter\CodeIgniter->createController()
#2 C:\xampp\htdocs\gestion_apr\system\CodeIgniter.php(312): CodeIgniter\CodeIgniter->handleRequest(NULL, Object(Config\Cache), false)
#3 C:\xampp\htdocs\gestion_apr\public\index.php(45): CodeIgniter\CodeIgniter->run()
#4 {main}
CRITICAL - 2021-02-06 12:43:11 --> Class 'App\Models\Consumo\md_metros_traza' not found
#0 C:\xampp\htdocs\gestion_apr\system\CodeIgniter.php(890): App\Controllers\Consumo\ctrl_metros->__construct()
#1 C:\xampp\htdocs\gestion_apr\system\CodeIgniter.php(399): CodeIgniter\CodeIgniter->createController()
#2 C:\xampp\htdocs\gestion_apr\system\CodeIgniter.php(312): CodeIgniter\CodeIgniter->handleRequest(NULL, Object(Config\Cache), false)
#3 C:\xampp\htdocs\gestion_apr\public\index.php(45): CodeIgniter\CodeIgniter->run()
#4 {main}
CRITICAL - 2021-02-06 12:43:32 --> Undefined property: App\Controllers\Consumo\ctrl_metros::$apr
#0 C:\xampp\htdocs\gestion_apr\app\Controllers\Consumo\ctrl_metros.php(30): CodeIgniter\Debug\Exceptions->errorHandler(8, 'Undefined prope...', 'C:\\xampp\\htdocs...', 30, Array)
#1 C:\xampp\htdocs\gestion_apr\system\CodeIgniter.php(918): App\Controllers\Consumo\ctrl_metros->datatable_metros()
#2 C:\xampp\htdocs\gestion_apr\system\CodeIgniter.php(404): CodeIgniter\CodeIgniter->runController(Object(App\Controllers\Consumo\ctrl_metros))
#3 C:\xampp\htdocs\gestion_apr\system\CodeIgniter.php(312): CodeIgniter\CodeIgniter->handleRequest(NULL, Object(Config\Cache), false)
#4 C:\xampp\htdocs\gestion_apr\public\index.php(45): CodeIgniter\CodeIgniter->run()
#5 {main}
CRITICAL - 2021-02-06 12:46:58 --> Undefined property: App\Controllers\Consumo\ctrl_metros::$apr
#0 C:\xampp\htdocs\gestion_apr\app\Controllers\Consumo\ctrl_metros.php(30): CodeIgniter\Debug\Exceptions->errorHandler(8, 'Undefined prope...', 'C:\\xampp\\htdocs...', 30, Array)
#1 C:\xampp\htdocs\gestion_apr\system\CodeIgniter.php(918): App\Controllers\Consumo\ctrl_metros->datatable_metros()
#2 C:\xampp\htdocs\gestion_apr\system\CodeIgniter.php(404): CodeIgniter\CodeIgniter->runController(Object(App\Controllers\Consumo\ctrl_metros))
#3 C:\xampp\htdocs\gestion_apr\system\CodeIgniter.php(312): CodeIgniter\CodeIgniter->handleRequest(NULL, Object(Config\Cache), false)
#4 C:\xampp\htdocs\gestion_apr\public\index.php(45): CodeIgniter\CodeIgniter->run()
#5 {main}
