CRITICAL - 2021-01-24 21:03:31 --> Trying to access array offset on value of type null
#0 C:\xampp\htdocs\gestion_apr\app\Controllers\ctrl_login.php(55): CodeIgniter\Debug\Exceptions->errorHandler(8, 'Trying to acces...', 'C:\\xampp\\htdocs...', 55, Array)
#1 C:\xampp\htdocs\gestion_apr\system\CodeIgniter.php(918): App\Controllers\ctrl_login->valida()
#2 C:\xampp\htdocs\gestion_apr\system\CodeIgniter.php(404): CodeIgniter\CodeIgniter->runController(Object(App\Controllers\ctrl_login))
#3 C:\xampp\htdocs\gestion_apr\system\CodeIgniter.php(312): CodeIgniter\CodeIgniter->handleRequest(NULL, Object(Config\Cache), false)
#4 C:\xampp\htdocs\gestion_apr\public\index.php(45): CodeIgniter\CodeIgniter->run()
#5 {main}
CRITICAL - 2021-01-24 21:05:27 --> Trying to access array offset on value of type null
#0 C:\xampp\htdocs\gestion_apr\app\Controllers\ctrl_login.php(55): CodeIgniter\Debug\Exceptions->errorHandler(8, 'Trying to acces...', 'C:\\xampp\\htdocs...', 55, Array)
#1 C:\xampp\htdocs\gestion_apr\system\CodeIgniter.php(918): App\Controllers\ctrl_login->valida()
#2 C:\xampp\htdocs\gestion_apr\system\CodeIgniter.php(404): CodeIgniter\CodeIgniter->runController(Object(App\Controllers\ctrl_login))
#3 C:\xampp\htdocs\gestion_apr\system\CodeIgniter.php(312): CodeIgniter\CodeIgniter->handleRequest(NULL, Object(Config\Cache), false)
#4 C:\xampp\htdocs\gestion_apr\public\index.php(45): CodeIgniter\CodeIgniter->run()
#5 {main}
CRITICAL - 2021-01-24 21:06:24 --> Trying to access array offset on value of type null
#0 C:\xampp\htdocs\gestion_apr\app\Controllers\ctrl_login.php(55): CodeIgniter\Debug\Exceptions->errorHandler(8, 'Trying to acces...', 'C:\\xampp\\htdocs...', 55, Array)
#1 C:\xampp\htdocs\gestion_apr\system\CodeIgniter.php(918): App\Controllers\ctrl_login->valida()
#2 C:\xampp\htdocs\gestion_apr\system\CodeIgniter.php(404): CodeIgniter\CodeIgniter->runController(Object(App\Controllers\ctrl_login))
#3 C:\xampp\htdocs\gestion_apr\system\CodeIgniter.php(312): CodeIgniter\CodeIgniter->handleRequest(NULL, Object(Config\Cache), false)
#4 C:\xampp\htdocs\gestion_apr\public\index.php(45): CodeIgniter\CodeIgniter->run()
#5 {main}
CRITICAL - 2021-01-24 21:06:35 --> Trying to access array offset on value of type null
#0 C:\xampp\htdocs\gestion_apr\app\Controllers\ctrl_login.php(55): CodeIgniter\Debug\Exceptions->errorHandler(8, 'Trying to acces...', 'C:\\xampp\\htdocs...', 55, Array)
#1 C:\xampp\htdocs\gestion_apr\system\CodeIgniter.php(918): App\Controllers\ctrl_login->valida()
#2 C:\xampp\htdocs\gestion_apr\system\CodeIgniter.php(404): CodeIgniter\CodeIgniter->runController(Object(App\Controllers\ctrl_login))
#3 C:\xampp\htdocs\gestion_apr\system\CodeIgniter.php(312): CodeIgniter\CodeIgniter->handleRequest(NULL, Object(Config\Cache), false)
#4 C:\xampp\htdocs\gestion_apr\public\index.php(45): CodeIgniter\CodeIgniter->run()
#5 {main}
CRITICAL - 2021-01-24 21:08:49 --> Duplicate entry '0' for key 'apr_traza.PRIMARY'
#0 C:\xampp\htdocs\gestion_apr\system\Database\MySQLi\Connection.php(331): mysqli->query('INSERT INTO `ap...')
#1 C:\xampp\htdocs\gestion_apr\system\Database\BaseConnection.php(741): CodeIgniter\Database\MySQLi\Connection->execute('INSERT INTO `ap...')
#2 C:\xampp\htdocs\gestion_apr\system\Database\BaseConnection.php(669): CodeIgniter\Database\BaseConnection->simpleQuery('INSERT INTO `ap...')
#3 C:\xampp\htdocs\gestion_apr\system\Database\BaseBuilder.php(2249): CodeIgniter\Database\BaseConnection->query('INSERT INTO `ap...', Array, false)
#4 C:\xampp\htdocs\gestion_apr\system\Model.php(755): CodeIgniter\Database\BaseBuilder->insert()
#5 C:\xampp\htdocs\gestion_apr\system\Model.php(574): CodeIgniter\Model->insert(Array, false)
#6 C:\xampp\htdocs\gestion_apr\app\Controllers\Configuracion\ctrl_apr.php(106): CodeIgniter\Model->save(Array)
#7 C:\xampp\htdocs\gestion_apr\app\Controllers\Configuracion\ctrl_apr.php(86): App\Controllers\Configuracion\ctrl_apr->guardar_traza('', 1, '')
#8 C:\xampp\htdocs\gestion_apr\system\CodeIgniter.php(918): App\Controllers\Configuracion\ctrl_apr->guardar_apr()
#9 C:\xampp\htdocs\gestion_apr\system\CodeIgniter.php(404): CodeIgniter\CodeIgniter->runController(Object(App\Controllers\Configuracion\ctrl_apr))
#10 C:\xampp\htdocs\gestion_apr\system\CodeIgniter.php(312): CodeIgniter\CodeIgniter->handleRequest(NULL, Object(Config\Cache), false)
#11 C:\xampp\htdocs\gestion_apr\public\index.php(45): CodeIgniter\CodeIgniter->run()
#12 {main}
CRITICAL - 2021-01-24 21:08:55 --> Duplicate entry '0' for key 'apr_traza.PRIMARY'
#0 C:\xampp\htdocs\gestion_apr\system\Database\MySQLi\Connection.php(331): mysqli->query('INSERT INTO `ap...')
#1 C:\xampp\htdocs\gestion_apr\system\Database\BaseConnection.php(741): CodeIgniter\Database\MySQLi\Connection->execute('INSERT INTO `ap...')
#2 C:\xampp\htdocs\gestion_apr\system\Database\BaseConnection.php(669): CodeIgniter\Database\BaseConnection->simpleQuery('INSERT INTO `ap...')
#3 C:\xampp\htdocs\gestion_apr\system\Database\BaseBuilder.php(2249): CodeIgniter\Database\BaseConnection->query('INSERT INTO `ap...', Array, false)
#4 C:\xampp\htdocs\gestion_apr\system\Model.php(755): CodeIgniter\Database\BaseBuilder->insert()
#5 C:\xampp\htdocs\gestion_apr\system\Model.php(574): CodeIgniter\Model->insert(Array, false)
#6 C:\xampp\htdocs\gestion_apr\app\Controllers\Configuracion\ctrl_apr.php(106): CodeIgniter\Model->save(Array)
#7 C:\xampp\htdocs\gestion_apr\app\Controllers\Configuracion\ctrl_apr.php(86): App\Controllers\Configuracion\ctrl_apr->guardar_traza('', 1, '')
#8 C:\xampp\htdocs\gestion_apr\system\CodeIgniter.php(918): App\Controllers\Configuracion\ctrl_apr->guardar_apr()
#9 C:\xampp\htdocs\gestion_apr\system\CodeIgniter.php(404): CodeIgniter\CodeIgniter->runController(Object(App\Controllers\Configuracion\ctrl_apr))
#10 C:\xampp\htdocs\gestion_apr\system\CodeIgniter.php(312): CodeIgniter\CodeIgniter->handleRequest(NULL, Object(Config\Cache), false)
#11 C:\xampp\htdocs\gestion_apr\public\index.php(45): CodeIgniter\CodeIgniter->run()
#12 {main}
CRITICAL - 2021-01-24 21:34:51 --> Call to undefined method App\Models\Configuracion\md_apr_traza::datatable_apr_traza
#0 C:\xampp\htdocs\gestion_apr\app\Controllers\Configuracion\ctrl_apr.php(118): CodeIgniter\Model->__call('datatable_apr_t...', Array)
#1 C:\xampp\htdocs\gestion_apr\system\CodeIgniter.php(918): App\Controllers\Configuracion\ctrl_apr->datatable_apr_traza('1')
#2 C:\xampp\htdocs\gestion_apr\system\CodeIgniter.php(404): CodeIgniter\CodeIgniter->runController(Object(App\Controllers\Configuracion\ctrl_apr))
#3 C:\xampp\htdocs\gestion_apr\system\CodeIgniter.php(312): CodeIgniter\CodeIgniter->handleRequest(NULL, Object(Config\Cache), false)
#4 C:\xampp\htdocs\gestion_apr\public\index.php(45): CodeIgniter\CodeIgniter->run()
#5 {main}
CRITICAL - 2021-01-24 21:35:44 --> Call to undefined method App\Models\Configuracion\md_apr_traza::datatable_apr_traza
#0 C:\xampp\htdocs\gestion_apr\app\Controllers\Configuracion\ctrl_apr.php(118): CodeIgniter\Model->__call('datatable_apr_t...', Array)
#1 C:\xampp\htdocs\gestion_apr\system\CodeIgniter.php(918): App\Controllers\Configuracion\ctrl_apr->datatable_apr_traza('1')
#2 C:\xampp\htdocs\gestion_apr\system\CodeIgniter.php(404): CodeIgniter\CodeIgniter->runController(Object(App\Controllers\Configuracion\ctrl_apr))
#3 C:\xampp\htdocs\gestion_apr\system\CodeIgniter.php(312): CodeIgniter\CodeIgniter->handleRequest(NULL, Object(Config\Cache), false)
#4 C:\xampp\htdocs\gestion_apr\public\index.php(45): CodeIgniter\CodeIgniter->run()
#5 {main}
CRITICAL - 2021-01-24 21:35:55 --> Call to undefined method App\Models\Configuracion\md_apr_traza::datatable_apr_traza
#0 C:\xampp\htdocs\gestion_apr\app\Controllers\Configuracion\ctrl_apr.php(118): CodeIgniter\Model->__call('datatable_apr_t...', Array)
#1 C:\xampp\htdocs\gestion_apr\system\CodeIgniter.php(918): App\Controllers\Configuracion\ctrl_apr->datatable_apr_traza('1')
#2 C:\xampp\htdocs\gestion_apr\system\CodeIgniter.php(404): CodeIgniter\CodeIgniter->runController(Object(App\Controllers\Configuracion\ctrl_apr))
#3 C:\xampp\htdocs\gestion_apr\system\CodeIgniter.php(312): CodeIgniter\CodeIgniter->handleRequest(NULL, Object(Config\Cache), false)
#4 C:\xampp\htdocs\gestion_apr\public\index.php(45): CodeIgniter\CodeIgniter->run()
#5 {main}
CRITICAL - 2021-01-24 21:37:03 --> Table 'gestion_apr.apr_traza_estados' doesn't exist
#0 C:\xampp\htdocs\gestion_apr\system\Database\MySQLi\Connection.php(331): mysqli->query('SELECT \r\n\t\t\t\t\t\t...')
#1 C:\xampp\htdocs\gestion_apr\system\Database\BaseConnection.php(741): CodeIgniter\Database\MySQLi\Connection->execute('SELECT \r\n\t\t\t\t\t\t...')
#2 C:\xampp\htdocs\gestion_apr\system\Database\BaseConnection.php(669): CodeIgniter\Database\BaseConnection->simpleQuery('SELECT \r\n\t\t\t\t\t\t...')
#3 C:\xampp\htdocs\gestion_apr\app\Models\Configuracion\md_apr_traza.php(27): CodeIgniter\Database\BaseConnection->query('SELECT \r\n\t\t\t\t\t\t...', Array)
#4 C:\xampp\htdocs\gestion_apr\app\Controllers\Configuracion\ctrl_apr.php(118): App\Models\Configuracion\md_apr_traza->datatable_apr_traza(Object(CodeIgniter\Database\MySQLi\Connection), '1')
#5 C:\xampp\htdocs\gestion_apr\system\CodeIgniter.php(918): App\Controllers\Configuracion\ctrl_apr->datatable_apr_traza('1')
#6 C:\xampp\htdocs\gestion_apr\system\CodeIgniter.php(404): CodeIgniter\CodeIgniter->runController(Object(App\Controllers\Configuracion\ctrl_apr))
#7 C:\xampp\htdocs\gestion_apr\system\CodeIgniter.php(312): CodeIgniter\CodeIgniter->handleRequest(NULL, Object(Config\Cache), false)
#8 C:\xampp\htdocs\gestion_apr\public\index.php(45): CodeIgniter\CodeIgniter->run()
#9 {main}
CRITICAL - 2021-01-24 21:39:04 --> Undefined variable: usuario_traza
#0 C:\xampp\htdocs\gestion_apr\app\Models\Configuracion\md_apr_traza.php(30): CodeIgniter\Debug\Exceptions->errorHandler(8, 'Undefined varia...', 'C:\\xampp\\htdocs...', 30, Array)
#1 C:\xampp\htdocs\gestion_apr\app\Controllers\Configuracion\ctrl_apr.php(118): App\Models\Configuracion\md_apr_traza->datatable_apr_traza(Object(CodeIgniter\Database\MySQLi\Connection), '1')
#2 C:\xampp\htdocs\gestion_apr\system\CodeIgniter.php(918): App\Controllers\Configuracion\ctrl_apr->datatable_apr_traza('1')
#3 C:\xampp\htdocs\gestion_apr\system\CodeIgniter.php(404): CodeIgniter\CodeIgniter->runController(Object(App\Controllers\Configuracion\ctrl_apr))
#4 C:\xampp\htdocs\gestion_apr\system\CodeIgniter.php(312): CodeIgniter\CodeIgniter->handleRequest(NULL, Object(Config\Cache), false)
#5 C:\xampp\htdocs\gestion_apr\public\index.php(45): CodeIgniter\CodeIgniter->run()
#6 {main}
CRITICAL - 2021-01-24 21:39:09 --> Undefined variable: usuario_traza
#0 C:\xampp\htdocs\gestion_apr\app\Models\Configuracion\md_apr_traza.php(30): CodeIgniter\Debug\Exceptions->errorHandler(8, 'Undefined varia...', 'C:\\xampp\\htdocs...', 30, Array)
#1 C:\xampp\htdocs\gestion_apr\app\Controllers\Configuracion\ctrl_apr.php(118): App\Models\Configuracion\md_apr_traza->datatable_apr_traza(Object(CodeIgniter\Database\MySQLi\Connection), '1')
#2 C:\xampp\htdocs\gestion_apr\system\CodeIgniter.php(918): App\Controllers\Configuracion\ctrl_apr->datatable_apr_traza('1')
#3 C:\xampp\htdocs\gestion_apr\system\CodeIgniter.php(404): CodeIgniter\CodeIgniter->runController(Object(App\Controllers\Configuracion\ctrl_apr))
#4 C:\xampp\htdocs\gestion_apr\system\CodeIgniter.php(312): CodeIgniter\CodeIgniter->handleRequest(NULL, Object(Config\Cache), false)
#5 C:\xampp\htdocs\gestion_apr\public\index.php(45): CodeIgniter\CodeIgniter->run()
#6 {main}
