CRITICAL - 2021-01-31 11:55:34 --> syntax error, unexpected '{', expecting '('
#0 C:\xampp\htdocs\gestion_apr\system\Autoloader\Autoloader.php(296): CodeIgniter\Autoloader\Autoloader->requireFile('C:\\xampp\\htdocs...')
#1 C:\xampp\htdocs\gestion_apr\system\Autoloader\Autoloader.php(258): CodeIgniter\Autoloader\Autoloader->loadInNamespace('App\\Models\\Form...')
#2 [internal function]: CodeIgniter\Autoloader\Autoloader->loadClass('App\\Models\\Form...')
#3 C:\xampp\htdocs\gestion_apr\app\Controllers\Formularios\ctrl_arranques.php(15): spl_autoload_call('App\\Models\\Form...')
#4 C:\xampp\htdocs\gestion_apr\system\CodeIgniter.php(890): App\Controllers\Formularios\ctrl_arranques->__construct()
#5 C:\xampp\htdocs\gestion_apr\system\CodeIgniter.php(399): CodeIgniter\CodeIgniter->createController()
#6 C:\xampp\htdocs\gestion_apr\system\CodeIgniter.php(312): CodeIgniter\CodeIgniter->handleRequest(NULL, Object(Config\Cache), false)
#7 C:\xampp\htdocs\gestion_apr\public\index.php(45): CodeIgniter\CodeIgniter->run()
#8 {main}
CRITICAL - 2021-01-31 12:56:37 --> syntax error, unexpected '->' (T_OBJECT_OPERATOR), expecting identifier (T_STRING) or variable (T_VARIABLE) or '{' or '$'
#0 C:\xampp\htdocs\gestion_apr\system\Router\Router.php(195): CodeIgniter\Router\Router->autoRoute('Formularios/ctr...')
#1 C:\xampp\htdocs\gestion_apr\system\CodeIgniter.php(793): CodeIgniter\Router\Router->handle('Formularios/ctr...')
#2 C:\xampp\htdocs\gestion_apr\system\CodeIgniter.php(364): CodeIgniter\CodeIgniter->tryToRouteIt(Object(CodeIgniter\Router\RouteCollection))
#3 C:\xampp\htdocs\gestion_apr\system\CodeIgniter.php(312): CodeIgniter\CodeIgniter->handleRequest(NULL, Object(Config\Cache), false)
#4 C:\xampp\htdocs\gestion_apr\public\index.php(45): CodeIgniter\CodeIgniter->run()
#5 {main}
CRITICAL - 2021-01-31 12:56:37 --> syntax error, unexpected '->' (T_OBJECT_OPERATOR), expecting identifier (T_STRING) or variable (T_VARIABLE) or '{' or '$'
#0 C:\xampp\htdocs\gestion_apr\system\Router\Router.php(195): CodeIgniter\Router\Router->autoRoute('Formularios/ctr...')
#1 C:\xampp\htdocs\gestion_apr\system\CodeIgniter.php(793): CodeIgniter\Router\Router->handle('Formularios/ctr...')
#2 C:\xampp\htdocs\gestion_apr\system\CodeIgniter.php(364): CodeIgniter\CodeIgniter->tryToRouteIt(Object(CodeIgniter\Router\RouteCollection))
#3 C:\xampp\htdocs\gestion_apr\system\CodeIgniter.php(312): CodeIgniter\CodeIgniter->handleRequest(NULL, Object(Config\Cache), false)
#4 C:\xampp\htdocs\gestion_apr\public\index.php(45): CodeIgniter\CodeIgniter->run()
#5 {main}
CRITICAL - 2021-01-31 13:06:36 --> Unknown column 'glosa' in 'field list'
#0 C:\xampp\htdocs\gestion_apr\system\Database\MySQLi\Connection.php(331): mysqli->query('SELECT `id`, `g...')
#1 C:\xampp\htdocs\gestion_apr\system\Database\BaseConnection.php(741): CodeIgniter\Database\MySQLi\Connection->execute('SELECT `id`, `g...')
#2 C:\xampp\htdocs\gestion_apr\system\Database\BaseConnection.php(669): CodeIgniter\Database\BaseConnection->simpleQuery('SELECT `id`, `g...')
#3 C:\xampp\htdocs\gestion_apr\system\Database\BaseBuilder.php(1860): CodeIgniter\Database\BaseConnection->query('SELECT `id`, `g...', Array, false)
#4 C:\xampp\htdocs\gestion_apr\system\Model.php(462): CodeIgniter\Database\BaseBuilder->get()
#5 C:\xampp\htdocs\gestion_apr\app\Controllers\Formularios\ctrl_arranques.php(63): CodeIgniter\Model->findAll()
#6 C:\xampp\htdocs\gestion_apr\system\CodeIgniter.php(918): App\Controllers\Formularios\ctrl_arranques->llenar_cmb_sector()
#7 C:\xampp\htdocs\gestion_apr\system\CodeIgniter.php(404): CodeIgniter\CodeIgniter->runController(Object(App\Controllers\Formularios\ctrl_arranques))
#8 C:\xampp\htdocs\gestion_apr\system\CodeIgniter.php(312): CodeIgniter\CodeIgniter->handleRequest(NULL, Object(Config\Cache), false)
#9 C:\xampp\htdocs\gestion_apr\public\index.php(45): CodeIgniter\CodeIgniter->run()
#10 {main}
CRITICAL - 2021-01-31 13:08:06 --> Column 'id_comuna' cannot be null
#0 C:\xampp\htdocs\gestion_apr\system\Database\MySQLi\Connection.php(331): mysqli->query('INSERT INTO `ar...')
#1 C:\xampp\htdocs\gestion_apr\system\Database\BaseConnection.php(741): CodeIgniter\Database\MySQLi\Connection->execute('INSERT INTO `ar...')
#2 C:\xampp\htdocs\gestion_apr\system\Database\BaseConnection.php(669): CodeIgniter\Database\BaseConnection->simpleQuery('INSERT INTO `ar...')
#3 C:\xampp\htdocs\gestion_apr\system\Database\BaseBuilder.php(2249): CodeIgniter\Database\BaseConnection->query('INSERT INTO `ar...', Array, false)
#4 C:\xampp\htdocs\gestion_apr\system\Model.php(755): CodeIgniter\Database\BaseBuilder->insert()
#5 C:\xampp\htdocs\gestion_apr\system\Model.php(574): CodeIgniter\Model->insert(Array, false)
#6 C:\xampp\htdocs\gestion_apr\app\Controllers\Formularios\ctrl_arranques.php(152): CodeIgniter\Model->save(Array)
#7 C:\xampp\htdocs\gestion_apr\system\CodeIgniter.php(918): App\Controllers\Formularios\ctrl_arranques->guardar_arranque()
#8 C:\xampp\htdocs\gestion_apr\system\CodeIgniter.php(404): CodeIgniter\CodeIgniter->runController(Object(App\Controllers\Formularios\ctrl_arranques))
#9 C:\xampp\htdocs\gestion_apr\system\CodeIgniter.php(312): CodeIgniter\CodeIgniter->handleRequest(NULL, Object(Config\Cache), false)
#10 C:\xampp\htdocs\gestion_apr\public\index.php(45): CodeIgniter\CodeIgniter->run()
#11 {main}
CRITICAL - 2021-01-31 13:08:32 --> Cannot add or update a child row: a foreign key constraint fails (`gestion_apr`.`arranques`, CONSTRAINT `rel_arranques_tipo_documento` FOREIGN KEY (`id_tipo_documento`) REFERENCES `tipo_documento` (`id`))
#0 C:\xampp\htdocs\gestion_apr\system\Database\MySQLi\Connection.php(331): mysqli->query('INSERT INTO `ar...')
#1 C:\xampp\htdocs\gestion_apr\system\Database\BaseConnection.php(741): CodeIgniter\Database\MySQLi\Connection->execute('INSERT INTO `ar...')
#2 C:\xampp\htdocs\gestion_apr\system\Database\BaseConnection.php(669): CodeIgniter\Database\BaseConnection->simpleQuery('INSERT INTO `ar...')
#3 C:\xampp\htdocs\gestion_apr\system\Database\BaseBuilder.php(2249): CodeIgniter\Database\BaseConnection->query('INSERT INTO `ar...', Array, false)
#4 C:\xampp\htdocs\gestion_apr\system\Model.php(755): CodeIgniter\Database\BaseBuilder->insert()
#5 C:\xampp\htdocs\gestion_apr\system\Model.php(574): CodeIgniter\Model->insert(Array, false)
#6 C:\xampp\htdocs\gestion_apr\app\Controllers\Formularios\ctrl_arranques.php(152): CodeIgniter\Model->save(Array)
#7 C:\xampp\htdocs\gestion_apr\system\CodeIgniter.php(918): App\Controllers\Formularios\ctrl_arranques->guardar_arranque()
#8 C:\xampp\htdocs\gestion_apr\system\CodeIgniter.php(404): CodeIgniter\CodeIgniter->runController(Object(App\Controllers\Formularios\ctrl_arranques))
#9 C:\xampp\htdocs\gestion_apr\system\CodeIgniter.php(312): CodeIgniter\CodeIgniter->handleRequest(NULL, Object(Config\Cache), false)
#10 C:\xampp\htdocs\gestion_apr\public\index.php(45): CodeIgniter\CodeIgniter->run()
#11 {main}
CRITICAL - 2021-01-31 13:11:28 --> Cannot add or update a child row: a foreign key constraint fails (`gestion_apr`.`arranques`, CONSTRAINT `rel_arranques_tipo_documento` FOREIGN KEY (`id_tipo_documento`) REFERENCES `tipo_documento` (`id`))
#0 C:\xampp\htdocs\gestion_apr\system\Database\MySQLi\Connection.php(331): mysqli->query('INSERT INTO `ar...')
#1 C:\xampp\htdocs\gestion_apr\system\Database\BaseConnection.php(741): CodeIgniter\Database\MySQLi\Connection->execute('INSERT INTO `ar...')
#2 C:\xampp\htdocs\gestion_apr\system\Database\BaseConnection.php(669): CodeIgniter\Database\BaseConnection->simpleQuery('INSERT INTO `ar...')
#3 C:\xampp\htdocs\gestion_apr\system\Database\BaseBuilder.php(2249): CodeIgniter\Database\BaseConnection->query('INSERT INTO `ar...', Array, false)
#4 C:\xampp\htdocs\gestion_apr\system\Model.php(755): CodeIgniter\Database\BaseBuilder->insert()
#5 C:\xampp\htdocs\gestion_apr\system\Model.php(574): CodeIgniter\Model->insert(Array, false)
#6 C:\xampp\htdocs\gestion_apr\app\Controllers\Formularios\ctrl_arranques.php(152): CodeIgniter\Model->save(Array)
#7 C:\xampp\htdocs\gestion_apr\system\CodeIgniter.php(918): App\Controllers\Formularios\ctrl_arranques->guardar_arranque()
#8 C:\xampp\htdocs\gestion_apr\system\CodeIgniter.php(404): CodeIgniter\CodeIgniter->runController(Object(App\Controllers\Formularios\ctrl_arranques))
#9 C:\xampp\htdocs\gestion_apr\system\CodeIgniter.php(312): CodeIgniter\CodeIgniter->handleRequest(NULL, Object(Config\Cache), false)
#10 C:\xampp\htdocs\gestion_apr\public\index.php(45): CodeIgniter\CodeIgniter->run()
#11 {main}
CRITICAL - 2021-01-31 13:12:30 --> Cannot add or update a child row: a foreign key constraint fails (`gestion_apr`.`arranques`, CONSTRAINT `rel_arranques_ususarios` FOREIGN KEY (`id_usuario`) REFERENCES `usuarios` (`id`))
#0 C:\xampp\htdocs\gestion_apr\system\Database\MySQLi\Connection.php(331): mysqli->query('INSERT INTO `ar...')
#1 C:\xampp\htdocs\gestion_apr\system\Database\BaseConnection.php(741): CodeIgniter\Database\MySQLi\Connection->execute('INSERT INTO `ar...')
#2 C:\xampp\htdocs\gestion_apr\system\Database\BaseConnection.php(669): CodeIgniter\Database\BaseConnection->simpleQuery('INSERT INTO `ar...')
#3 C:\xampp\htdocs\gestion_apr\system\Database\BaseBuilder.php(2249): CodeIgniter\Database\BaseConnection->query('INSERT INTO `ar...', Array, false)
#4 C:\xampp\htdocs\gestion_apr\system\Model.php(755): CodeIgniter\Database\BaseBuilder->insert()
#5 C:\xampp\htdocs\gestion_apr\system\Model.php(574): CodeIgniter\Model->insert(Array, false)
#6 C:\xampp\htdocs\gestion_apr\app\Controllers\Formularios\ctrl_arranques.php(152): CodeIgniter\Model->save(Array)
#7 C:\xampp\htdocs\gestion_apr\system\CodeIgniter.php(918): App\Controllers\Formularios\ctrl_arranques->guardar_arranque()
#8 C:\xampp\htdocs\gestion_apr\system\CodeIgniter.php(404): CodeIgniter\CodeIgniter->runController(Object(App\Controllers\Formularios\ctrl_arranques))
#9 C:\xampp\htdocs\gestion_apr\system\CodeIgniter.php(312): CodeIgniter\CodeIgniter->handleRequest(NULL, Object(Config\Cache), false)
#10 C:\xampp\htdocs\gestion_apr\public\index.php(45): CodeIgniter\CodeIgniter->run()
#11 {main}
CRITICAL - 2021-01-31 13:13:26 --> Cannot add or update a child row: a foreign key constraint fails (`gestion_apr`.`arranques`, CONSTRAINT `rel_arranques_apr` FOREIGN KEY (`id_apr`) REFERENCES `apr` (`id`))
#0 C:\xampp\htdocs\gestion_apr\system\Database\MySQLi\Connection.php(331): mysqli->query('INSERT INTO `ar...')
#1 C:\xampp\htdocs\gestion_apr\system\Database\BaseConnection.php(741): CodeIgniter\Database\MySQLi\Connection->execute('INSERT INTO `ar...')
#2 C:\xampp\htdocs\gestion_apr\system\Database\BaseConnection.php(669): CodeIgniter\Database\BaseConnection->simpleQuery('INSERT INTO `ar...')
#3 C:\xampp\htdocs\gestion_apr\system\Database\BaseBuilder.php(2249): CodeIgniter\Database\BaseConnection->query('INSERT INTO `ar...', Array, false)
#4 C:\xampp\htdocs\gestion_apr\system\Model.php(755): CodeIgniter\Database\BaseBuilder->insert()
#5 C:\xampp\htdocs\gestion_apr\system\Model.php(574): CodeIgniter\Model->insert(Array, false)
#6 C:\xampp\htdocs\gestion_apr\app\Controllers\Formularios\ctrl_arranques.php(155): CodeIgniter\Model->save(Array)
#7 C:\xampp\htdocs\gestion_apr\system\CodeIgniter.php(918): App\Controllers\Formularios\ctrl_arranques->guardar_arranque()
#8 C:\xampp\htdocs\gestion_apr\system\CodeIgniter.php(404): CodeIgniter\CodeIgniter->runController(Object(App\Controllers\Formularios\ctrl_arranques))
#9 C:\xampp\htdocs\gestion_apr\system\CodeIgniter.php(312): CodeIgniter\CodeIgniter->handleRequest(NULL, Object(Config\Cache), false)
#10 C:\xampp\htdocs\gestion_apr\public\index.php(45): CodeIgniter\CodeIgniter->run()
#11 {main}
CRITICAL - 2021-01-31 14:19:51 --> Call to undefined method App\Models\Formularios\md_arranque_traza::datatable_arranque_traza
#0 C:\xampp\htdocs\gestion_apr\app\Controllers\Formularios\ctrl_arranques.php(230): CodeIgniter\Model->__call('datatable_arran...', Array)
#1 C:\xampp\htdocs\gestion_apr\system\CodeIgniter.php(918): App\Controllers\Formularios\ctrl_arranques->datatable_arranque_traza('5')
#2 C:\xampp\htdocs\gestion_apr\system\CodeIgniter.php(404): CodeIgniter\CodeIgniter->runController(Object(App\Controllers\Formularios\ctrl_arranques))
#3 C:\xampp\htdocs\gestion_apr\system\CodeIgniter.php(312): CodeIgniter\CodeIgniter->handleRequest(NULL, Object(Config\Cache), false)
#4 C:\xampp\htdocs\gestion_apr\public\index.php(45): CodeIgniter\CodeIgniter->run()
#5 {main}
