CRITICAL - 2021-02-07 16:34:32 --> Class 'App\Models\Configuracion\md_costo_metros_traza' not found
#0 C:\xampp\htdocs\gestion_apr\system\CodeIgniter.php(890): App\Controllers\Configuracion\ctrl_costo_metros->__construct()
#1 C:\xampp\htdocs\gestion_apr\system\CodeIgniter.php(399): CodeIgniter\CodeIgniter->createController()
#2 C:\xampp\htdocs\gestion_apr\system\CodeIgniter.php(312): CodeIgniter\CodeIgniter->handleRequest(NULL, Object(Config\Cache), false)
#3 C:\xampp\htdocs\gestion_apr\public\index.php(45): CodeIgniter\CodeIgniter->run()
#4 {main}
CRITICAL - 2021-02-07 16:42:36 --> Class 'App\Models\Configuracion\md_costo_metros_traza' not found
#0 C:\xampp\htdocs\gestion_apr\system\CodeIgniter.php(890): App\Controllers\Configuracion\ctrl_costo_metros->__construct()
#1 C:\xampp\htdocs\gestion_apr\system\CodeIgniter.php(399): CodeIgniter\CodeIgniter->createController()
#2 C:\xampp\htdocs\gestion_apr\system\CodeIgniter.php(312): CodeIgniter\CodeIgniter->handleRequest(NULL, Object(Config\Cache), false)
#3 C:\xampp\htdocs\gestion_apr\public\index.php(45): CodeIgniter\CodeIgniter->run()
#4 {main}
CRITICAL - 2021-02-07 16:43:10 --> Too few arguments to function App\Models\Configuracion\md_costo_metros::datatable_costo_metros(), 1 passed in C:\xampp\htdocs\gestion_apr\app\Controllers\Configuracion\ctrl_costo_metros.php on line 30 and exactly 2 expected
#0 C:\xampp\htdocs\gestion_apr\app\Controllers\Configuracion\ctrl_costo_metros.php(30): App\Models\Configuracion\md_costo_metros->datatable_costo_metros(Object(CodeIgniter\Database\MySQLi\Connection))
#1 C:\xampp\htdocs\gestion_apr\system\CodeIgniter.php(918): App\Controllers\Configuracion\ctrl_costo_metros->datatable_costo_metros()
#2 C:\xampp\htdocs\gestion_apr\system\CodeIgniter.php(404): CodeIgniter\CodeIgniter->runController(Object(App\Controllers\Configuracion\ctrl_costo_metros))
#3 C:\xampp\htdocs\gestion_apr\system\CodeIgniter.php(312): CodeIgniter\CodeIgniter->handleRequest(NULL, Object(Config\Cache), false)
#4 C:\xampp\htdocs\gestion_apr\public\index.php(45): CodeIgniter\CodeIgniter->run()
#5 {main}
CRITICAL - 2021-02-07 16:41:44 --> Too few arguments to function App\Models\Configuracion\md_costo_metros::datatable_costo_metros(), 1 passed in C:\xampp\htdocs\gestion_apr\app\Controllers\Configuracion\ctrl_costo_metros.php on line 30 and exactly 2 expected
#0 C:\xampp\htdocs\gestion_apr\app\Controllers\Configuracion\ctrl_costo_metros.php(30): App\Models\Configuracion\md_costo_metros->datatable_costo_metros(Object(CodeIgniter\Database\MySQLi\Connection))
#1 C:\xampp\htdocs\gestion_apr\system\CodeIgniter.php(918): App\Controllers\Configuracion\ctrl_costo_metros->datatable_costo_metros()
#2 C:\xampp\htdocs\gestion_apr\system\CodeIgniter.php(404): CodeIgniter\CodeIgniter->runController(Object(App\Controllers\Configuracion\ctrl_costo_metros))
#3 C:\xampp\htdocs\gestion_apr\system\CodeIgniter.php(312): CodeIgniter\CodeIgniter->handleRequest(NULL, Object(Config\Cache), false)
#4 C:\xampp\htdocs\gestion_apr\public\index.php(45): CodeIgniter\CodeIgniter->run()
#5 {main}
CRITICAL - 2021-02-07 16:41:50 --> Too few arguments to function App\Models\Configuracion\md_costo_metros::datatable_costo_metros(), 1 passed in C:\xampp\htdocs\gestion_apr\app\Controllers\Configuracion\ctrl_costo_metros.php on line 30 and exactly 2 expected
#0 C:\xampp\htdocs\gestion_apr\app\Controllers\Configuracion\ctrl_costo_metros.php(30): App\Models\Configuracion\md_costo_metros->datatable_costo_metros(Object(CodeIgniter\Database\MySQLi\Connection))
#1 C:\xampp\htdocs\gestion_apr\system\CodeIgniter.php(918): App\Controllers\Configuracion\ctrl_costo_metros->datatable_costo_metros()
#2 C:\xampp\htdocs\gestion_apr\system\CodeIgniter.php(404): CodeIgniter\CodeIgniter->runController(Object(App\Controllers\Configuracion\ctrl_costo_metros))
#3 C:\xampp\htdocs\gestion_apr\system\CodeIgniter.php(312): CodeIgniter\CodeIgniter->handleRequest(NULL, Object(Config\Cache), false)
#4 C:\xampp\htdocs\gestion_apr\public\index.php(45): CodeIgniter\CodeIgniter->run()
#5 {main}
CRITICAL - 2021-02-07 16:42:01 --> Too few arguments to function App\Models\Configuracion\md_costo_metros::datatable_costo_metros(), 1 passed in C:\xampp\htdocs\gestion_apr\app\Controllers\Configuracion\ctrl_costo_metros.php on line 30 and exactly 2 expected
#0 C:\xampp\htdocs\gestion_apr\app\Controllers\Configuracion\ctrl_costo_metros.php(30): App\Models\Configuracion\md_costo_metros->datatable_costo_metros(Object(CodeIgniter\Database\MySQLi\Connection))
#1 C:\xampp\htdocs\gestion_apr\system\CodeIgniter.php(918): App\Controllers\Configuracion\ctrl_costo_metros->datatable_costo_metros()
#2 C:\xampp\htdocs\gestion_apr\system\CodeIgniter.php(404): CodeIgniter\CodeIgniter->runController(Object(App\Controllers\Configuracion\ctrl_costo_metros))
#3 C:\xampp\htdocs\gestion_apr\system\CodeIgniter.php(312): CodeIgniter\CodeIgniter->handleRequest(NULL, Object(Config\Cache), false)
#4 C:\xampp\htdocs\gestion_apr\public\index.php(45): CodeIgniter\CodeIgniter->run()
#5 {main}
CRITICAL - 2021-02-07 16:58:50 --> Cannot add or update a child row: a foreign key constraint fails (`gestion_apr`.`costo_metros_traza`, CONSTRAINT `rel_costo_metros_trasza` FOREIGN KEY (`id_costo_metros`) REFERENCES `costo_metros` (`id`))
#0 C:\xampp\htdocs\gestion_apr\system\Database\MySQLi\Connection.php(331): mysqli->query('INSERT INTO `co...')
#1 C:\xampp\htdocs\gestion_apr\system\Database\BaseConnection.php(741): CodeIgniter\Database\MySQLi\Connection->execute('INSERT INTO `co...')
#2 C:\xampp\htdocs\gestion_apr\system\Database\BaseConnection.php(669): CodeIgniter\Database\BaseConnection->simpleQuery('INSERT INTO `co...')
#3 C:\xampp\htdocs\gestion_apr\system\Database\BaseBuilder.php(2249): CodeIgniter\Database\BaseConnection->query('INSERT INTO `co...', Array, false)
#4 C:\xampp\htdocs\gestion_apr\system\Model.php(755): CodeIgniter\Database\BaseBuilder->insert()
#5 C:\xampp\htdocs\gestion_apr\system\Model.php(574): CodeIgniter\Model->insert(Array, false)
#6 C:\xampp\htdocs\gestion_apr\app\Controllers\Configuracion\ctrl_costo_metros.php(92): CodeIgniter\Model->save(Array)
#7 C:\xampp\htdocs\gestion_apr\app\Controllers\Configuracion\ctrl_costo_metros.php(72): App\Controllers\Configuracion\ctrl_costo_metros->guardar_traza('', 1, '')
#8 C:\xampp\htdocs\gestion_apr\system\CodeIgniter.php(918): App\Controllers\Configuracion\ctrl_costo_metros->guardar_costo_metros()
#9 C:\xampp\htdocs\gestion_apr\system\CodeIgniter.php(404): CodeIgniter\CodeIgniter->runController(Object(App\Controllers\Configuracion\ctrl_costo_metros))
#10 C:\xampp\htdocs\gestion_apr\system\CodeIgniter.php(312): CodeIgniter\CodeIgniter->handleRequest(NULL, Object(Config\Cache), false)
#11 C:\xampp\htdocs\gestion_apr\public\index.php(45): CodeIgniter\CodeIgniter->run()
#12 {main}
CRITICAL - 2021-02-07 16:58:58 --> Cannot add or update a child row: a foreign key constraint fails (`gestion_apr`.`costo_metros_traza`, CONSTRAINT `rel_costo_metros_trasza` FOREIGN KEY (`id_costo_metros`) REFERENCES `costo_metros` (`id`))
#0 C:\xampp\htdocs\gestion_apr\system\Database\MySQLi\Connection.php(331): mysqli->query('INSERT INTO `co...')
#1 C:\xampp\htdocs\gestion_apr\system\Database\BaseConnection.php(741): CodeIgniter\Database\MySQLi\Connection->execute('INSERT INTO `co...')
#2 C:\xampp\htdocs\gestion_apr\system\Database\BaseConnection.php(669): CodeIgniter\Database\BaseConnection->simpleQuery('INSERT INTO `co...')
#3 C:\xampp\htdocs\gestion_apr\system\Database\BaseBuilder.php(2249): CodeIgniter\Database\BaseConnection->query('INSERT INTO `co...', Array, false)
#4 C:\xampp\htdocs\gestion_apr\system\Model.php(755): CodeIgniter\Database\BaseBuilder->insert()
#5 C:\xampp\htdocs\gestion_apr\system\Model.php(574): CodeIgniter\Model->insert(Array, false)
#6 C:\xampp\htdocs\gestion_apr\app\Controllers\Configuracion\ctrl_costo_metros.php(92): CodeIgniter\Model->save(Array)
#7 C:\xampp\htdocs\gestion_apr\app\Controllers\Configuracion\ctrl_costo_metros.php(72): App\Controllers\Configuracion\ctrl_costo_metros->guardar_traza('', 1, '')
#8 C:\xampp\htdocs\gestion_apr\system\CodeIgniter.php(918): App\Controllers\Configuracion\ctrl_costo_metros->guardar_costo_metros()
#9 C:\xampp\htdocs\gestion_apr\system\CodeIgniter.php(404): CodeIgniter\CodeIgniter->runController(Object(App\Controllers\Configuracion\ctrl_costo_metros))
#10 C:\xampp\htdocs\gestion_apr\system\CodeIgniter.php(312): CodeIgniter\CodeIgniter->handleRequest(NULL, Object(Config\Cache), false)
#11 C:\xampp\htdocs\gestion_apr\public\index.php(45): CodeIgniter\CodeIgniter->run()
#12 {main}
CRITICAL - 2021-02-07 17:01:59 --> Cannot add or update a child row: a foreign key constraint fails (`gestion_apr`.`costo_metros_traza`, CONSTRAINT `rel_costo_metros_trasza` FOREIGN KEY (`id_costo_metros`) REFERENCES `costo_metros` (`id`))
#0 C:\xampp\htdocs\gestion_apr\system\Database\MySQLi\Connection.php(331): mysqli->query('INSERT INTO `co...')
#1 C:\xampp\htdocs\gestion_apr\system\Database\BaseConnection.php(741): CodeIgniter\Database\MySQLi\Connection->execute('INSERT INTO `co...')
#2 C:\xampp\htdocs\gestion_apr\system\Database\BaseConnection.php(669): CodeIgniter\Database\BaseConnection->simpleQuery('INSERT INTO `co...')
#3 C:\xampp\htdocs\gestion_apr\system\Database\BaseBuilder.php(2249): CodeIgniter\Database\BaseConnection->query('INSERT INTO `co...', Array, false)
#4 C:\xampp\htdocs\gestion_apr\system\Model.php(755): CodeIgniter\Database\BaseBuilder->insert()
#5 C:\xampp\htdocs\gestion_apr\system\Model.php(574): CodeIgniter\Model->insert(Array, false)
#6 C:\xampp\htdocs\gestion_apr\app\Controllers\Configuracion\ctrl_costo_metros.php(92): CodeIgniter\Model->save(Array)
#7 C:\xampp\htdocs\gestion_apr\app\Controllers\Configuracion\ctrl_costo_metros.php(72): App\Controllers\Configuracion\ctrl_costo_metros->guardar_traza('', 1, '')
#8 C:\xampp\htdocs\gestion_apr\system\CodeIgniter.php(918): App\Controllers\Configuracion\ctrl_costo_metros->guardar_costo_metros()
#9 C:\xampp\htdocs\gestion_apr\system\CodeIgniter.php(404): CodeIgniter\CodeIgniter->runController(Object(App\Controllers\Configuracion\ctrl_costo_metros))
#10 C:\xampp\htdocs\gestion_apr\system\CodeIgniter.php(312): CodeIgniter\CodeIgniter->handleRequest(NULL, Object(Config\Cache), false)
#11 C:\xampp\htdocs\gestion_apr\public\index.php(45): CodeIgniter\CodeIgniter->run()
#12 {main}
CRITICAL - 2021-02-07 17:31:24 --> Too few arguments to function App\Controllers\Configuracion\ctrl_costo_metros::datatable_costo_metros(), 0 passed in C:\xampp\htdocs\gestion_apr\system\CodeIgniter.php on line 918 and exactly 1 expected
#0 C:\xampp\htdocs\gestion_apr\system\CodeIgniter.php(918): App\Controllers\Configuracion\ctrl_costo_metros->datatable_costo_metros()
#1 C:\xampp\htdocs\gestion_apr\system\CodeIgniter.php(404): CodeIgniter\CodeIgniter->runController(Object(App\Controllers\Configuracion\ctrl_costo_metros))
#2 C:\xampp\htdocs\gestion_apr\system\CodeIgniter.php(312): CodeIgniter\CodeIgniter->handleRequest(NULL, Object(Config\Cache), false)
#3 C:\xampp\htdocs\gestion_apr\public\index.php(45): CodeIgniter\CodeIgniter->run()
#4 {main}
CRITICAL - 2021-02-07 17:43:10 --> Undefined variable: conn
#0 C:\xampp\htdocs\gestion_apr\app\Models\Configuracion\md_costo_metros.php(77): CodeIgniter\Debug\Exceptions->errorHandler(8, 'Undefined varia...', 'C:\\xampp\\htdocs...', 77, Array)
#1 C:\xampp\htdocs\gestion_apr\app\Controllers\Configuracion\ctrl_costo_metros.php(53): App\Models\Configuracion\md_costo_metros->validar_metraje_existente(Object(CodeIgniter\Database\MySQLi\Connection), '0', '10', '1')
#2 C:\xampp\htdocs\gestion_apr\system\CodeIgniter.php(918): App\Controllers\Configuracion\ctrl_costo_metros->guardar_costo_metros()
#3 C:\xampp\htdocs\gestion_apr\system\CodeIgniter.php(404): CodeIgniter\CodeIgniter->runController(Object(App\Controllers\Configuracion\ctrl_costo_metros))
#4 C:\xampp\htdocs\gestion_apr\system\CodeIgniter.php(312): CodeIgniter\CodeIgniter->handleRequest(NULL, Object(Config\Cache), false)
#5 C:\xampp\htdocs\gestion_apr\public\index.php(45): CodeIgniter\CodeIgniter->run()
#6 {main}
CRITICAL - 2021-02-07 17:44:25 --> Too few arguments to function App\Controllers\Configuracion\ctrl_costo_metros::datatable_costo_metros(), 0 passed in C:\xampp\htdocs\gestion_apr\system\CodeIgniter.php on line 918 and exactly 1 expected
#0 C:\xampp\htdocs\gestion_apr\system\CodeIgniter.php(918): App\Controllers\Configuracion\ctrl_costo_metros->datatable_costo_metros()
#1 C:\xampp\htdocs\gestion_apr\system\CodeIgniter.php(404): CodeIgniter\CodeIgniter->runController(Object(App\Controllers\Configuracion\ctrl_costo_metros))
#2 C:\xampp\htdocs\gestion_apr\system\CodeIgniter.php(312): CodeIgniter\CodeIgniter->handleRequest(NULL, Object(Config\Cache), false)
#3 C:\xampp\htdocs\gestion_apr\public\index.php(45): CodeIgniter\CodeIgniter->run()
#4 {main}
CRITICAL - 2021-02-07 18:46:25 --> Undefined variable: id_usuario
#0 C:\xampp\htdocs\gestion_apr\app\Models\Configuracion\md_costo_metros_traza.php(25): CodeIgniter\Debug\Exceptions->errorHandler(8, 'Undefined varia...', 'C:\\xampp\\htdocs...', 25, Array)
#1 C:\xampp\htdocs\gestion_apr\app\Controllers\Configuracion\ctrl_costo_metros.php(142): App\Models\Configuracion\md_costo_metros_traza->datatable_costo_metros_traza(Object(CodeIgniter\Database\MySQLi\Connection), '11')
#2 C:\xampp\htdocs\gestion_apr\system\CodeIgniter.php(918): App\Controllers\Configuracion\ctrl_costo_metros->datatable_costo_metros_traza('11')
#3 C:\xampp\htdocs\gestion_apr\system\CodeIgniter.php(404): CodeIgniter\CodeIgniter->runController(Object(App\Controllers\Configuracion\ctrl_costo_metros))
#4 C:\xampp\htdocs\gestion_apr\system\CodeIgniter.php(312): CodeIgniter\CodeIgniter->handleRequest(NULL, Object(Config\Cache), false)
#5 C:\xampp\htdocs\gestion_apr\public\index.php(45): CodeIgniter\CodeIgniter->run()
#6 {main}
